#
# A fatal error has been detected by the Java Runtime Environment:
#
#  EXCEPTION_ACCESS_VIOLATION (0xc0000005) at pc=0x00007ff93ad33ca0, pid=22112, tid=15500
#
# JRE version: OpenJDK Runtime Environment Microsoft-32931 (17.0.3+7) (build 17.0.3+7-LTS)
# Java VM: OpenJDK 64-Bit Server VM Microsoft-32931 (17.0.3+7-LTS, mixed mode, tiered, compressed oops, compressed class ptrs, g1 gc, windows-amd64)
# Problematic frame:
# C  [atio6axx.dll+0x193ca0]
#
# No core dump will be written. Minidumps are not enabled by default on client versions of Windows
#
# If you would like to submit a bug report, please visit:
#   https://github.com/microsoft/openjdk/issues
# The crash happened outside the Java Virtual Machine in native code.
# See problematic frame for where to report the bug.
#

---------------  S U M M A R Y ------------

Command Line: -XX:HeapDumpPath=MojangTricksIntelDriversForPerformance_javaw.exe_minecraft.exe.heapdump -Dos.name=Windows 10 -Dos.version=10.0 -Xss1M -Djava.library.path=. -Dminecraft.launcher.brand=minecraft-launcher -Dminecraft.launcher.version=2.2.12145 -Djava.net.preferIPv6Addresses=system -DignoreList=bootstraplauncher,securejarhandler,asm-commons,asm-util,asm-analysis,asm-tree,asm,JarJarFileSystems,client-extra,fmlcore,javafmllanguage,lowcodelanguage,mclanguage,forge-,forge-43.0.0.jar,forge-43.0.0 -DmergeModules=jna-5.10.0.jar,jna-platform-5.10.0.jar -DlibraryDirectory=C:\Users\anima\curseforge\minecraft\Install\libraries --module-path=C:\Users\anima\curseforge\minecraft\Install\libraries/cpw/mods/bootstraplauncher/1.1.2/bootstraplauncher-1.1.2.jar;C:\Users\anima\curseforge\minecraft\Install\libraries/cpw/mods/securejarhandler/2.1.4/securejarhandler-2.1.4.jar;C:\Users\anima\curseforge\minecraft\Install\libraries/org/ow2/asm/asm-commons/9.3/asm-commons-9.3.jar;C:\Users\anima\curseforge\minecraft\Install\libraries/org/ow2/asm/asm-util/9.3/asm-util-9.3.jar;C:\Users\anima\curseforge\minecraft\Install\libraries/org/ow2/asm/asm-analysis/9.3/asm-analysis-9.3.jar;C:\Users\anima\curseforge\minecraft\Install\libraries/org/ow2/asm/asm-tree/9.3/asm-tree-9.3.jar;C:\Users\anima\curseforge\minecraft\Install\libraries/org/ow2/asm/asm/9.3/asm-9.3.jar;C:\Users\anima\curseforge\minecraft\Install\libraries/net/minecraftforge/JarJarFileSystems/0.3.16/JarJarFileSystems-0.3.16.jar --add-modules=ALL-MODULE-PATH --add-opens=java.base/java.util.jar=cpw.mods.securejarhandler --add-opens=java.base/java.lang.invoke=cpw.mods.securejarhandler --add-exports=java.base/sun.security.util=cpw.mods.securejarhandler --add-exports=jdk.naming.dns/com.sun.jndi.dns=java.naming -Xmx4096m -Xms256m -Dminecraft.applet.TargetDirectory=C:\Users\anima\curseforge\minecraft\Instances\Server -Dfml.ignorePatchDiscrepancies=true -Dfml.ignoreInvalidMinecraftCertificates=true -Duser.language=en -Duser.country=US -Dlog4j.configurationFile=C:\Users\anima\curseforge\minecraft\Install\assets\log_configs\client-1.12.xml cpw.mods.bootstraplauncher.BootstrapLauncher --username Reiyoka --version forge-43.0.0 --gameDir C:\Users\anima\curseforge\minecraft\Instances\Server --assetsDir C:\Users\anima\curseforge\minecraft\Install\assets --assetIndex 1.19 --uuid b899e1b7271342f782d4054968f8406d -BWyvckPdr909yZ0A --clientId MTM0Y2NiNTgtYmM1NC00YjU5LWI4YTItMDQxMDZlNGI3NWE4 --xuid 2535461863577513 --userType msa --versionType release --width 854 --height 480 --launchTarget forgeclient --fml.forgeVersion 43.0.0 --fml.mcVersion 1.19.2 --fml.forgeGroup net.minecraftforge --fml.mcpVersion 20220805.130853

Host: AMD Ryzen 7 5800H with Radeon Graphics         , 16 cores, 15G,  Windows 11 , 64 bit Build 22621 (10.0.22621.1778)
Time: Tue Jul 11 17:31:38 2023 Pacific Daylight Time elapsed time: 10.460687 seconds (0d 0h 0m 10s)

---------------  T H R E A D  ---------------

Current thread (0x0000021d4d6f78f0):  JavaThread "Render thread" [_thread_in_native, id=15500, stack(0x000000d558f00000,0x000000d559000000)]

Stack: [0x000000d558f00000,0x000000d559000000],  sp=0x000000d558ffa858,  free space=1002k
Native frames: (J=compiled Java code, j=interpreted, Vv=VM code, C=native code)
C  [atio6axx.dll+0x193ca0]

Java frames: (J=compiled Java code, j=interpreted, Vv=VM code)
j  org.lwjgl.system.JNI.invokePPPP(IIJJJJ)J+0 org.lwjgl@3.3.1+7
j  org.lwjgl.glfw.GLFW.nglfwCreateWindow(IIJJJ)J+14 org.lwjgl.glfw@3.3.1+7
j  org.lwjgl.glfw.GLFW.glfwCreateWindow(IILjava/lang/CharSequence;JJ)J+34 org.lwjgl.glfw@3.3.1+7
j  net.minecraftforge.client.loading.NoVizFallback.lambda$fallback$0(Ljava/util/function/IntSupplier;Ljava/util/function/IntSupplier;Ljava/util/function/Supplier;Ljava/util/function/LongSupplier;)J+28 forge@43.0.0
j  net.minecraftforge.client.loading.NoVizFallback$$Lambda$4132+0x0000000800b6fa60.getAsLong()J+16 forge@43.0.0
j  net.minecraftforge.fml.loading.progress.EarlyProgressVisualization$Visualization$$Lambda$4133+0x0000000800b755b8.apply(Ljava/lang/Object;)Ljava/lang/Object;+4 fmlloader@1.19.2-43.0.0
J 4604 c2 java.util.Optional.map(Ljava/util/function/Function;)Ljava/util/Optional; java.base@17.0.3 (30 bytes) @ 0x0000021d5a3b4308 [0x0000021d5a3b42a0+0x0000000000000068]
j  net.minecraftforge.fml.loading.progress.EarlyProgressVisualization$Visualization.handOffWindow(Ljava/util/function/IntSupplier;Ljava/util/function/IntSupplier;Ljava/util/function/Supplier;Ljava/util/function/LongSupplier;)J+48 fmlloader@1.19.2-43.0.0
j  net.minecraftforge.fml.loading.progress.EarlyProgressVisualization.handOffWindow(Ljava/util/function/IntSupplier;Ljava/util/function/IntSupplier;Ljava/util/function/Supplier;Ljava/util/function/LongSupplier;)J+9 fmlloader@1.19.2-43.0.0
j  com.mojang.blaze3d.platform.Window.<init>(Lcom/mojang/blaze3d/platform/WindowEventHandler;Lcom/mojang/blaze3d/platform/ScreenManager;Lcom/mojang/blaze3d/platform/DisplayData;Ljava/lang/String;Ljava/lang/String;)V+279 minecraft@1.19.2
j  net.minecraft.client.renderer.VirtualScreen.m_110872_(Lcom/mojang/blaze3d/platform/DisplayData;Ljava/lang/String;Ljava/lang/String;)Lcom/mojang/blaze3d/platform/Window;+15 minecraft@1.19.2
j  net.minecraft.client.Minecraft.<init>(Lnet/minecraft/client/main/GameConfig;)V+723 minecraft@1.19.2
j  net.minecraft.client.main.Main.m_239872_([Ljava/lang/String;Z)V+1356 minecraft@1.19.2
j  net.minecraft.client.main.Main.main([Ljava/lang/String;)V+12 minecraft@1.19.2
v  ~StubRoutines::call_stub
j  jdk.internal.reflect.NativeMethodAccessorImpl.invoke0(Ljava/lang/reflect/Method;Ljava/lang/Object;[Ljava/lang/Object;)Ljava/lang/Object;+0 java.base@17.0.3
j  jdk.internal.reflect.NativeMethodAccessorImpl.invoke(Ljava/lang/Object;[Ljava/lang/Object;)Ljava/lang/Object;+133 java.base@17.0.3
j  jdk.internal.reflect.DelegatingMethodAccessorImpl.invoke(Ljava/lang/Object;[Ljava/lang/Object;)Ljava/lang/Object;+6 java.base@17.0.3
j  java.lang.reflect.Method.invoke(Ljava/lang/Object;[Ljava/lang/Object;)Ljava/lang/Object;+59 java.base@17.0.3
j  net.minecraftforge.fml.loading.targets.CommonClientLaunchHandler.lambda$launchService$0(Ljava/lang/ModuleLayer;[Ljava/lang/String;)V+40 fmlloader@1.19.2-43.0.0
j  net.minecraftforge.fml.loading.targets.CommonClientLaunchHandler$$Lambda$812+0x000000080046fba0.run()V+8 fmlloader@1.19.2-43.0.0
j  cpw.mods.modlauncher.LaunchServiceHandlerDecorator.launch([Ljava/lang/String;Ljava/lang/ModuleLayer;)V+11 cpw.mods.modlauncher@10.0.8
j  cpw.mods.modlauncher.LaunchServiceHandler.launch(Ljava/lang/String;[Ljava/lang/String;Ljava/lang/ModuleLayer;Lcpw/mods/modlauncher/TransformingClassLoader;Lcpw/mods/modlauncher/LaunchPluginHandler;)V+58 cpw.mods.modlauncher@10.0.8
j  cpw.mods.modlauncher.LaunchServiceHandler.launch(Lcpw/mods/modlauncher/ArgumentHandler;Ljava/lang/ModuleLayer;Lcpw/mods/modlauncher/TransformingClassLoader;Lcpw/mods/modlauncher/LaunchPluginHandler;)V+21 cpw.mods.modlauncher@10.0.8
j  cpw.mods.modlauncher.Launcher.run([Ljava/lang/String;)V+310 cpw.mods.modlauncher@10.0.8
j  cpw.mods.modlauncher.Launcher.main([Ljava/lang/String;)V+78 cpw.mods.modlauncher@10.0.8
j  cpw.mods.modlauncher.BootstrapLaunchConsumer.accept([Ljava/lang/String;)V+1 cpw.mods.modlauncher@10.0.8
j  cpw.mods.modlauncher.BootstrapLaunchConsumer.accept(Ljava/lang/Object;)V+5 cpw.mods.modlauncher@10.0.8
j  cpw.mods.bootstraplauncher.BootstrapLauncher.main([Ljava/lang/String;)V+515 cpw.mods.bootstraplauncher@1.1.2
v  ~StubRoutines::call_stub

siginfo: EXCEPTION_ACCESS_VIOLATION (0xc0000005), reading address 0xffffffffffffffff


Register to memory mapping:

RIP=0x00007ff93ad33ca0 atio6axx.dll
RAX=0x0 is NULL
RBX=0x00007ff93e2e6030 atio6axx.dll
RCX=0x66305935724a7248 is an unknown value
RDX=0x00000000000000d0 is an unknown value
RSP=0x000000d558ffa858 is pointing into the stack for thread: 0x0000021d4d6f78f0
RBP=0x000000d558ffa990 is pointing into the stack for thread: 0x0000021d4d6f78f0
RSI=0x0 is NULL
RDI=0x000000d558ffac80 is pointing into the stack for thread: 0x0000021d4d6f78f0
R8 =0x00000000000001a5 is an unknown value
R9 =0xffffffffffffffff is an unknown value
R10=0x0 is NULL
R11=0x0000000000000200 is an unknown value
R12=0x000000d558ffa8e8 is pointing into the stack for thread: 0x0000021d4d6f78f0
R13=0x00007ff93e2e6030 atio6axx.dll
R14=0x00007ff93e2e6088 atio6axx.dll
R15=0x00007ff93e1ed894 atio6axx.dll


Registers:
RAX=0x0000000000000000, RBX=0x00007ff93e2e6030, RCX=0x66305935724a7248, RDX=0x00000000000000d0
RSP=0x000000d558ffa858, RBP=0x000000d558ffa990, RSI=0x0000000000000000, RDI=0x000000d558ffac80
R8 =0x00000000000001a5, R9 =0xffffffffffffffff, R10=0x0000000000000000, R11=0x0000000000000200
R12=0x000000d558ffa8e8, R13=0x00007ff93e2e6030, R14=0x00007ff93e2e6088, R15=0x00007ff93e1ed894
RIP=0x00007ff93ad33ca0, EFLAGS=0x0000000000010206

Top of Stack: (sp=0x000000d558ffa858)
0x000000d558ffa858:   00007ff93acf2654 00007ff93e2e6030
0x000000d558ffa868:   0000000000000000 00002e776176616a
0x000000d558ffa878:   00004dee423c6845 000000d558ffac80
0x000000d558ffa888:   00007ff93acf6116 00007ff93e2e6038
0x000000d558ffa898:   000000000000004a 00007ff93e2e6038
0x000000d558ffa8a8:   0000000000000000 0000000000000000
0x000000d558ffa8b8:   00007ff900000009 0000021d74ead604
0x000000d558ffa8c8:   0000021d74ead750 00007ff93e2e6038
0x000000d558ffa8d8:   000000d558ffac80 000000d558ffaa7a
0x000000d558ffa8e8:   00007f006176616a 800000006176616a
0x000000d558ffa8f8:   00007ff9bc2f9969 46676e697274535c
0x000000d558ffa908:   5c6f666e49656c69 3062343039303430
0x000000d558ffa918:   726556656c69465c 000000006e6f6973
0x000000d558ffa928:   0000000000000000 0000000000000000
0x000000d558ffa938:   0000000000000000 0000000a0000011c
0x000000d558ffa948:   0000585d00000000 0000000000000002 

Instructions: (pc=0x00007ff93ad33ca0)
0x00007ff93ad33ba0:   74 09 33 c9 ff 15 a6 38 3d 03 90 48 8b c3 48 83
0x00007ff93ad33bb0:   c4 20 5b c3 cc cc cc cc cc cc cc cc cc cc cc cc
0x00007ff93ad33bc0:   48 83 ec 28 48 8b 51 08 48 85 d2 74 09 33 c9 ff
0x00007ff93ad33bd0:   15 7b 38 3d 03 90 48 83 c4 28 c3 cc cc cc cc cc
0x00007ff93ad33be0:   48 89 11 c3 cc cc cc cc cc cc cc cc cc cc cc cc
0x00007ff93ad33bf0:   48 8b c1 c3 cc cc cc cc cc cc cc cc cc cc cc cc
0x00007ff93ad33c00:   48 3b ca 74 10 41 8b 00 39 01 74 09 48 83 c1 04
0x00007ff93ad33c10:   48 3b ca 75 f3 48 8b c1 c3 cc cc cc cc cc cc cc
0x00007ff93ad33c20:   48 8b c1 c3 cc cc cc cc cc cc cc cc cc cc cc cc
0x00007ff93ad33c30:   48 83 39 00 0f 94 c0 c3 cc cc cc cc cc cc cc cc
0x00007ff93ad33c40:   4c 8d 04 d5 00 00 00 00 33 d2 e9 c1 55 db 01 cc
0x00007ff93ad33c50:   4c 8b 41 08 48 8b 02 49 89 00 48 83 41 08 08 c3
0x00007ff93ad33c60:   48 8b c1 c3 cc cc cc cc cc cc cc cc cc cc cc cc
0x00007ff93ad33c70:   48 8b c1 c3 cc cc cc cc cc cc cc cc cc cc cc cc
0x00007ff93ad33c80:   49 8b 00 48 89 02 c3 cc cc cc cc cc cc cc cc cc
0x00007ff93ad33c90:   8b 81 10 39 00 00 c3 cc cc cc cc cc cc cc cc cc
0x00007ff93ad33ca0:   8b 81 10 39 00 00 83 c0 f0 83 f8 63 0f 87 5a 01
0x00007ff93ad33cb0:   00 00 48 8d 15 47 c3 e6 ff 0f b6 84 02 30 3e 19
0x00007ff93ad33cc0:   00 8b 8c 82 10 3e 19 00 48 03 ca ff e1 48 8b 0d
0x00007ff93ad33cd0:   2c 8c 55 03 83 b9 0c 33 00 00 02 0f 87 2b 01 00
0x00007ff93ad33ce0:   00 48 8d 91 9c 29 00 00 c7 02 e1 00 00 00 e9 ce
0x00007ff93ad33cf0:   00 00 00 48 8b 0d 06 8c 55 03 83 b9 0c 33 00 00
0x00007ff93ad33d00:   02 0f 87 05 01 00 00 48 8d 91 9c 29 00 00 c7 02
0x00007ff93ad33d10:   f0 00 00 00 e9 a8 00 00 00 48 8b 0d e0 8b 55 03
0x00007ff93ad33d20:   83 b9 0c 33 00 00 02 0f 87 df 00 00 00 48 8d 91
0x00007ff93ad33d30:   9c 29 00 00 c7 02 00 04 00 00 e9 82 00 00 00 48
0x00007ff93ad33d40:   8b 0d ba 8b 55 03 83 b9 0c 33 00 00 02 0f 87 b9
0x00007ff93ad33d50:   00 00 00 48 8d 91 9c 29 00 00 c7 02 00 08 00 00
0x00007ff93ad33d60:   eb 5f 48 8b 0d 97 8b 55 03 83 b9 0c 33 00 00 02
0x00007ff93ad33d70:   0f 87 96 00 00 00 48 8d 91 9c 29 00 00 c7 02 00
0x00007ff93ad33d80:   09 00 00 eb 3c 48 8b 0d 74 8b 55 03 83 b9 0c 33
0x00007ff93ad33d90:   00 00 02 77 77 48 8d 91 9c 29 00 00 c7 02 3c 0f 


Stack slot to memory mapping:
stack at sp + 0 slots: 0x00007ff93acf2654 atio6axx.dll
stack at sp + 1 slots: 0x00007ff93e2e6030 atio6axx.dll
stack at sp + 2 slots: 0x0 is NULL
stack at sp + 3 slots: 0x00002e776176616a is an unknown value
stack at sp + 4 slots: 0x00004dee423c6845 is an unknown value
stack at sp + 5 slots: 0x000000d558ffac80 is pointing into the stack for thread: 0x0000021d4d6f78f0
stack at sp + 6 slots: 0x00007ff93acf6116 atio6axx.dll
stack at sp + 7 slots: 0x00007ff93e2e6038 atio6axx.dll


---------------  P R O C E S S  ---------------

Threads class SMR info:
_java_thread_list=0x0000021d7660a530, length=26, elements={
0x0000021d4d6f78f0, 0x0000021d6f81c1e0, 0x0000021d6f856ed0, 0x0000021d6f8f3440,
0x0000021d6f8a27a0, 0x0000021d6f8a3060, 0x0000021d6f8a3920, 0x0000021d6f8a8530,
0x0000021d6f8cbac0, 0x0000021d6f8ccba0, 0x0000021d6f9d1910, 0x0000021d6fa2efe0,
0x0000021d6fb1e950, 0x0000021d6fb1ee60, 0x0000021d6fba1fe0, 0x0000021d6fba50f0,
0x0000021d6fefe340, 0x0000021d70450f20, 0x0000021d70454c70, 0x0000021d711cac20,
0x0000021d6fdc7a30, 0x0000021d6fdcb3f0, 0x0000021d6fdc9240, 0x0000021d7567b520,
0x0000021d7ad48300, 0x0000021d756789d0
}

Java Threads: ( => current thread )
=>0x0000021d4d6f78f0 JavaThread "Render thread" [_thread_in_native, id=15500, stack(0x000000d558f00000,0x000000d559000000)]
  0x0000021d6f81c1e0 JavaThread "Reference Handler" daemon [_thread_blocked, id=4000, stack(0x000000d559600000,0x000000d559700000)]
  0x0000021d6f856ed0 JavaThread "Finalizer" daemon [_thread_blocked, id=6384, stack(0x000000d559700000,0x000000d559800000)]
  0x0000021d6f8f3440 JavaThread "Signal Dispatcher" daemon [_thread_blocked, id=19140, stack(0x000000d559800000,0x000000d559900000)]
  0x0000021d6f8a27a0 JavaThread "Attach Listener" daemon [_thread_blocked, id=17708, stack(0x000000d559900000,0x000000d559a00000)]
  0x0000021d6f8a3060 JavaThread "Service Thread" daemon [_thread_blocked, id=15020, stack(0x000000d559a00000,0x000000d559b00000)]
  0x0000021d6f8a3920 JavaThread "Monitor Deflation Thread" daemon [_thread_blocked, id=14772, stack(0x000000d559b00000,0x000000d559c00000)]
  0x0000021d6f8a8530 JavaThread "C2 CompilerThread0" daemon [_thread_blocked, id=5692, stack(0x000000d559c00000,0x000000d559d00000)]
  0x0000021d6f8cbac0 JavaThread "C1 CompilerThread0" daemon [_thread_blocked, id=21760, stack(0x000000d559d00000,0x000000d559e00000)]
  0x0000021d6f8ccba0 JavaThread "Sweeper thread" daemon [_thread_blocked, id=15060, stack(0x000000d559e00000,0x000000d559f00000)]
  0x0000021d6f9d1910 JavaThread "Common-Cleaner" daemon [_thread_blocked, id=19972, stack(0x000000d559f00000,0x000000d55a000000)]
  0x0000021d6fa2efe0 JavaThread "C1 CompilerThread1" daemon [_thread_blocked, id=20820, stack(0x000000d55a000000,0x000000d55a100000)]
  0x0000021d6fb1e950 JavaThread "C1 CompilerThread2" daemon [_thread_blocked, id=8400, stack(0x000000d55a100000,0x000000d55a200000)]
  0x0000021d6fb1ee60 JavaThread "C1 CompilerThread3" daemon [_thread_blocked, id=22856, stack(0x000000d55a200000,0x000000d55a300000)]
  0x0000021d6fba1fe0 JavaThread "C2 CompilerThread1" daemon [_thread_blocked, id=19824, stack(0x000000d55a300000,0x000000d55a400000)]
  0x0000021d6fba50f0 JavaThread "C2 CompilerThread2" daemon [_thread_blocked, id=17360, stack(0x000000d55a400000,0x000000d55a500000)]
  0x0000021d6fefe340 JavaThread "Notification Thread" daemon [_thread_blocked, id=11316, stack(0x000000d55a500000,0x000000d55a600000)]
  0x0000021d70450f20 JavaThread "C2 CompilerThread3" daemon [_thread_blocked, id=19748, stack(0x000000d55ac00000,0x000000d55ad00000)]
  0x0000021d70454c70 JavaThread "C2 CompilerThread4" daemon [_thread_blocked, id=14108, stack(0x000000d55ad00000,0x000000d55ae00000)]
  0x0000021d711cac20 JavaThread "C2 CompilerThread5" daemon [_thread_blocked, id=18096, stack(0x000000d55ae00000,0x000000d55af00000)]
  0x0000021d6fdc7a30 JavaThread "Thread-0" daemon [_thread_blocked, id=14716, stack(0x000000d55b800000,0x000000d55b900000)]
  0x0000021d6fdcb3f0 JavaThread "FileSystemWatchService" daemon [_thread_in_native, id=23460, stack(0x000000d55b900000,0x000000d55ba00000)]
  0x0000021d6fdc9240 JavaThread "pool-2-thread-1" daemon [_thread_blocked, id=12124, stack(0x000000d55ba00000,0x000000d55bb00000)]
  0x0000021d7567b520 JavaThread "Timer hack thread" daemon [_thread_blocked, id=5332, stack(0x000000d55af00000,0x000000d55b000000)]
  0x0000021d7ad48300 JavaThread "C2 CompilerThread6" daemon [_thread_blocked, id=20976, stack(0x000000d55b000000,0x000000d55b100000)]
  0x0000021d756789d0 JavaThread "Keep-Alive-Timer" daemon [_thread_blocked, id=19832, stack(0x000000d55c900000,0x000000d55ca00000)]

Other Threads:
  0x0000021d6f81bcc0 VMThread "VM Thread" [stack: 0x000000d559500000,0x000000d559600000] [id=17588]
  0x0000021d4d6f84a0 WatcherThread [stack: 0x000000d55a600000,0x000000d55a700000] [id=10568]
  0x0000021d4d762460 GCTaskThread "GC Thread#0" [stack: 0x000000d559000000,0x000000d559100000] [id=8424]
  0x0000021d7105abb0 GCTaskThread "GC Thread#1" [stack: 0x000000d55a700000,0x000000d55a800000] [id=14244]
  0x0000021d7102fa80 GCTaskThread "GC Thread#2" [stack: 0x000000d55a800000,0x000000d55a900000] [id=22144]
  0x0000021d703c0f40 GCTaskThread "GC Thread#3" [stack: 0x000000d55a900000,0x000000d55aa00000] [id=8324]
  0x0000021d71033e90 GCTaskThread "GC Thread#4" [stack: 0x000000d55aa00000,0x000000d55ab00000] [id=22664]
  0x0000021d71034140 GCTaskThread "GC Thread#5" [stack: 0x000000d55ab00000,0x000000d55ac00000] [id=6728]
  0x0000021d721c4d50 GCTaskThread "GC Thread#6" [stack: 0x000000d55b100000,0x000000d55b200000] [id=3936]
  0x0000021d751358c0 GCTaskThread "GC Thread#7" [stack: 0x000000d55b200000,0x000000d55b300000] [id=11708]
  0x0000021d7245b820 GCTaskThread "GC Thread#8" [stack: 0x000000d55b300000,0x000000d55b400000] [id=17556]
  0x0000021d732045f0 GCTaskThread "GC Thread#9" [stack: 0x000000d55b400000,0x000000d55b500000] [id=7712]
  0x0000021d753843e0 GCTaskThread "GC Thread#10" [stack: 0x000000d55b500000,0x000000d55b600000] [id=23116]
  0x0000021d73c97980 GCTaskThread "GC Thread#11" [stack: 0x000000d55bb00000,0x000000d55bc00000] [id=16696]
  0x0000021d73c97420 GCTaskThread "GC Thread#12" [stack: 0x000000d55bc00000,0x000000d55bd00000] [id=18336]
  0x0000021d4d7749f0 ConcurrentGCThread "G1 Main Marker" [stack: 0x000000d559100000,0x000000d559200000] [id=9276]
  0x0000021d4d7752a0 ConcurrentGCThread "G1 Conc#0" [stack: 0x000000d559200000,0x000000d559300000] [id=15312]
  0x0000021d7696e1f0 ConcurrentGCThread "G1 Conc#1" [stack: 0x000000d55b600000,0x000000d55b700000] [id=20912]
  0x0000021d734b6140 ConcurrentGCThread "G1 Conc#2" [stack: 0x000000d55b700000,0x000000d55b800000] [id=21176]
  0x0000021d4d7ad380 ConcurrentGCThread "G1 Refine#0" [stack: 0x000000d559300000,0x000000d559400000] [id=21560]
  0x0000021d7aecab40 ConcurrentGCThread "G1 Refine#1" [stack: 0x000000d55c100000,0x000000d55c200000] [id=2564]
  0x0000021d7aec9720 ConcurrentGCThread "G1 Refine#2" [stack: 0x000000d55c200000,0x000000d55c300000] [id=2032]
  0x0000021d7aecae20 ConcurrentGCThread "G1 Refine#3" [stack: 0x000000d55c300000,0x000000d55c400000] [id=17252]
  0x0000021d7aeca860 ConcurrentGCThread "G1 Refine#4" [stack: 0x000000d55c400000,0x000000d55c500000] [id=7488]
  0x0000021d7aecb9a0 ConcurrentGCThread "G1 Refine#5" [stack: 0x000000d55c500000,0x000000d55c600000] [id=21024]
  0x0000021d7aecc240 ConcurrentGCThread "G1 Refine#6" [stack: 0x000000d55c600000,0x000000d55c700000] [id=8884]
  0x0000021d7aecc800 ConcurrentGCThread "G1 Refine#7" [stack: 0x000000d55c700000,0x000000d55c800000] [id=11376]
  0x0000021d7aecbc80 ConcurrentGCThread "G1 Refine#8" [stack: 0x000000d55c800000,0x000000d55c900000] [id=18608]
  0x0000021d4d7adc40 ConcurrentGCThread "G1 Service" [stack: 0x000000d559400000,0x000000d559500000] [id=10460]

Threads with active compile tasks:

VM state: not at safepoint (normal execution)

VM Mutex/Monitor currently owned by a thread: None

Heap address: 0x0000000700000000, size: 4096 MB, Compressed Oops mode: Zero based, Oop shift amount: 3

CDS archive(s) not mapped
Compressed class space mapped at: 0x0000000800000000-0x0000000840000000, reserved size: 1073741824
Narrow klass base: 0x0000000800000000, Narrow klass shift: 0, Narrow klass range: 0x40000000

GC Precious Log:
 CPUs: 16 total, 16 available
 Memory: 15720M
 Large Page Support: Disabled
 NUMA Support: Disabled
 Compressed Oops: Enabled (Zero based)
 Heap Region Size: 2M
 Heap Min Capacity: 256M
 Heap Initial Capacity: 256M
 Heap Max Capacity: 4G
 Pre-touch: Disabled
 Parallel Workers: 13
 Concurrent Workers: 3
 Concurrent Refinement Workers: 13
 Periodic GC: Disabled

Heap:
 garbage-first heap   total 464896K, used 198998K [0x0000000700000000, 0x0000000800000000)
  region size 2048K, 34 young (69632K), 7 survivors (14336K)
 Metaspace       used 82485K, committed 83648K, reserved 1122304K
  class space    used 11052K, committed 11584K, reserved 1048576K

Heap Regions: E=young(eden), S=young(survivor), O=old, HS=humongous(starts), HC=humongous(continues), CS=collection set, F=free, OA=open archive, CA=closed archive, TAMS=top-at-mark-start (previous, next)
|   0|0x0000000700000000, 0x0000000700200000, 0x0000000700200000|100%|HS|  |TAMS 0x0000000700200000, 0x0000000700000000| Complete 
|   1|0x0000000700200000, 0x0000000700400000, 0x0000000700400000|100%|HS|  |TAMS 0x0000000700400000, 0x0000000700200000| Complete 
|   2|0x0000000700400000, 0x0000000700600000, 0x0000000700600000|100%| O|  |TAMS 0x0000000700600000, 0x0000000700400000| Untracked 
|   3|0x0000000700600000, 0x0000000700800000, 0x0000000700800000|100%| O|  |TAMS 0x0000000700800000, 0x0000000700600000| Untracked 
|   4|0x0000000700800000, 0x0000000700a00000, 0x0000000700a00000|100%| O|  |TAMS 0x0000000700a00000, 0x0000000700800000| Untracked 
|   5|0x0000000700a00000, 0x0000000700c00000, 0x0000000700c00000|100%|HS|  |TAMS 0x0000000700c00000, 0x0000000700a00000| Complete 
|   6|0x0000000700c00000, 0x0000000700e00000, 0x0000000700e00000|100%|HS|  |TAMS 0x0000000700e00000, 0x0000000700c00000| Complete 
|   7|0x0000000700e00000, 0x0000000701000000, 0x0000000701000000|100%| O|  |TAMS 0x0000000701000000, 0x0000000700e00000| Untracked 
|   8|0x0000000701000000, 0x0000000701200000, 0x0000000701200000|100%| O|  |TAMS 0x0000000701200000, 0x0000000701000000| Untracked 
|   9|0x0000000701200000, 0x0000000701400000, 0x0000000701400000|100%| O|  |TAMS 0x0000000701400000, 0x0000000701200000| Untracked 
|  10|0x0000000701400000, 0x0000000701600000, 0x0000000701600000|100%| O|  |TAMS 0x0000000701600000, 0x0000000701400000| Untracked 
|  11|0x0000000701600000, 0x0000000701800000, 0x0000000701800000|100%|HS|  |TAMS 0x0000000701800000, 0x0000000701600000| Complete 
|  12|0x0000000701800000, 0x0000000701a00000, 0x0000000701a00000|100%| O|  |TAMS 0x0000000701a00000, 0x0000000701800000| Untracked 
|  13|0x0000000701a00000, 0x0000000701c00000, 0x0000000701c00000|100%| O|  |TAMS 0x0000000701c00000, 0x0000000701a00000| Untracked 
|  14|0x0000000701c00000, 0x0000000701e00000, 0x0000000701e00000|100%| O|  |TAMS 0x0000000701e00000, 0x0000000701c00000| Untracked 
|  15|0x0000000701e00000, 0x0000000702000000, 0x0000000702000000|100%| O|  |TAMS 0x0000000702000000, 0x0000000701e00000| Untracked 
|  16|0x0000000702000000, 0x0000000702200000, 0x0000000702200000|100%| O|  |TAMS 0x0000000702200000, 0x0000000702000000| Untracked 
|  17|0x0000000702200000, 0x0000000702400000, 0x0000000702400000|100%| O|  |TAMS 0x0000000702400000, 0x0000000702200000| Untracked 
|  18|0x0000000702400000, 0x0000000702600000, 0x0000000702600000|100%| O|  |TAMS 0x0000000702600000, 0x0000000702400000| Untracked 
|  19|0x0000000702600000, 0x0000000702800000, 0x0000000702800000|100%| O|  |TAMS 0x0000000702800000, 0x0000000702600000| Untracked 
|  20|0x0000000702800000, 0x0000000702a00000, 0x0000000702a00000|100%| O|  |TAMS 0x0000000702a00000, 0x0000000702800000| Untracked 
|  21|0x0000000702a00000, 0x0000000702c00000, 0x0000000702c00000|100%| O|  |TAMS 0x0000000702c00000, 0x0000000702a00000| Untracked 
|  22|0x0000000702c00000, 0x0000000702e00000, 0x0000000702e00000|100%| O|  |TAMS 0x0000000702e00000, 0x0000000702c00000| Untracked 
|  23|0x0000000702e00000, 0x0000000703000000, 0x0000000703000000|100%| O|  |TAMS 0x0000000703000000, 0x0000000702e00000| Untracked 
|  24|0x0000000703000000, 0x0000000703200000, 0x0000000703200000|100%| O|  |TAMS 0x0000000703200000, 0x0000000703000000| Untracked 
|  25|0x0000000703200000, 0x0000000703400000, 0x0000000703400000|100%| O|  |TAMS 0x0000000703400000, 0x0000000703200000| Untracked 
|  26|0x0000000703400000, 0x0000000703600000, 0x0000000703600000|100%| O|  |TAMS 0x0000000703600000, 0x0000000703400000| Untracked 
|  27|0x0000000703600000, 0x0000000703800000, 0x0000000703800000|100%| O|  |TAMS 0x0000000703800000, 0x0000000703600000| Untracked 
|  28|0x0000000703800000, 0x0000000703a00000, 0x0000000703a00000|100%| O|  |TAMS 0x0000000703a00000, 0x0000000703800000| Untracked 
|  29|0x0000000703a00000, 0x0000000703c00000, 0x0000000703c00000|100%|HS|  |TAMS 0x0000000703c00000, 0x0000000703a00000| Complete 
|  30|0x0000000703c00000, 0x0000000703e00000, 0x0000000703e00000|100%|HC|  |TAMS 0x0000000703e00000, 0x0000000703c00000| Complete 
|  31|0x0000000703e00000, 0x0000000704000000, 0x0000000704000000|100%|HC|  |TAMS 0x0000000704000000, 0x0000000703e00000| Complete 
|  32|0x0000000704000000, 0x0000000704200000, 0x0000000704200000|100%|HC|  |TAMS 0x0000000704200000, 0x0000000704000000| Complete 
|  33|0x0000000704200000, 0x0000000704400000, 0x0000000704400000|100%|HC|  |TAMS 0x0000000704400000, 0x0000000704200000| Complete 
|  34|0x0000000704400000, 0x0000000704600000, 0x0000000704600000|100%|HC|  |TAMS 0x0000000704600000, 0x0000000704400000| Complete 
|  35|0x0000000704600000, 0x0000000704800000, 0x0000000704800000|100%| O|  |TAMS 0x0000000704800000, 0x0000000704600000| Untracked 
|  36|0x0000000704800000, 0x0000000704a00000, 0x0000000704a00000|100%| O|  |TAMS 0x0000000704a00000, 0x0000000704800000| Untracked 
|  37|0x0000000704a00000, 0x0000000704c00000, 0x0000000704c00000|100%| O|  |TAMS 0x0000000704c00000, 0x0000000704a00000| Untracked 
|  38|0x0000000704c00000, 0x0000000704e00000, 0x0000000704e00000|100%| O|  |TAMS 0x0000000704e00000, 0x0000000704c00000| Untracked 
|  39|0x0000000704e00000, 0x0000000705000000, 0x0000000705000000|100%| O|  |TAMS 0x0000000705000000, 0x0000000704e00000| Untracked 
|  40|0x0000000705000000, 0x0000000705200000, 0x0000000705200000|100%| O|  |TAMS 0x0000000705200000, 0x0000000705000000| Untracked 
|  41|0x0000000705200000, 0x0000000705400000, 0x0000000705400000|100%| O|  |TAMS 0x0000000705400000, 0x0000000705200000| Untracked 
|  42|0x0000000705400000, 0x0000000705600000, 0x0000000705600000|100%| O|  |TAMS 0x0000000705600000, 0x0000000705400000| Untracked 
|  43|0x0000000705600000, 0x0000000705800000, 0x0000000705800000|100%| O|  |TAMS 0x0000000705800000, 0x0000000705600000| Untracked 
|  44|0x0000000705800000, 0x0000000705830000, 0x0000000705a00000|  9%| O|  |TAMS 0x0000000705830000, 0x0000000705800000| Untracked 
|  45|0x0000000705a00000, 0x0000000705c00000, 0x0000000705c00000|100%| O|  |TAMS 0x0000000705a00000, 0x0000000705a00000| Untracked 
|  46|0x0000000705c00000, 0x0000000705e00000, 0x0000000705e00000|100%| O|  |TAMS 0x0000000705c00000, 0x0000000705c00000| Untracked 
|  47|0x0000000705e00000, 0x0000000706000000, 0x0000000706000000|100%| O|  |TAMS 0x0000000705e00000, 0x0000000705e00000| Untracked 
|  48|0x0000000706000000, 0x0000000706200000, 0x0000000706200000|100%| O|  |TAMS 0x0000000706000000, 0x0000000706000000| Untracked 
|  49|0x0000000706200000, 0x0000000706400000, 0x0000000706400000|100%| O|  |TAMS 0x0000000706200000, 0x0000000706200000| Untracked 
|  50|0x0000000706400000, 0x0000000706600000, 0x0000000706600000|100%| O|  |TAMS 0x0000000706400000, 0x0000000706400000| Untracked 
|  51|0x0000000706600000, 0x0000000706800000, 0x0000000706800000|100%| O|  |TAMS 0x0000000706600000, 0x0000000706600000| Untracked 
|  52|0x0000000706800000, 0x0000000706a00000, 0x0000000706a00000|100%| O|  |TAMS 0x0000000706800000, 0x0000000706800000| Untracked 
|  53|0x0000000706a00000, 0x0000000706c00000, 0x0000000706c00000|100%| O|  |TAMS 0x0000000706a00000, 0x0000000706a00000| Untracked 
|  54|0x0000000706c00000, 0x0000000706e00000, 0x0000000706e00000|100%| O|  |TAMS 0x0000000706c00000, 0x0000000706c00000| Untracked 
|  55|0x0000000706e00000, 0x0000000707000000, 0x0000000707000000|100%| O|  |TAMS 0x0000000706e00000, 0x0000000706e00000| Untracked 
|  56|0x0000000707000000, 0x0000000707200000, 0x0000000707200000|100%| O|  |TAMS 0x0000000707000000, 0x0000000707000000| Untracked 
|  57|0x0000000707200000, 0x0000000707400000, 0x0000000707400000|100%| O|  |TAMS 0x0000000707200000, 0x0000000707200000| Untracked 
|  58|0x0000000707400000, 0x0000000707600000, 0x0000000707600000|100%| O|  |TAMS 0x0000000707400000, 0x0000000707400000| Untracked 
|  59|0x0000000707600000, 0x0000000707800000, 0x0000000707800000|100%| O|  |TAMS 0x0000000707600000, 0x0000000707600000| Untracked 
|  60|0x0000000707800000, 0x0000000707a00000, 0x0000000707a00000|100%| O|  |TAMS 0x0000000707800000, 0x0000000707800000| Untracked 
|  61|0x0000000707a00000, 0x0000000707c00000, 0x0000000707c00000|100%| O|  |TAMS 0x0000000707a00000, 0x0000000707a00000| Untracked 
|  62|0x0000000707c00000, 0x0000000707e00000, 0x0000000707e00000|100%| O|  |TAMS 0x0000000707c00000, 0x0000000707c00000| Untracked 
|  63|0x0000000707e00000, 0x0000000708000000, 0x0000000708000000|100%| O|  |TAMS 0x0000000707e00000, 0x0000000707e00000| Untracked 
|  64|0x0000000708000000, 0x0000000708200000, 0x0000000708200000|100%| O|  |TAMS 0x0000000708000000, 0x0000000708000000| Untracked 
|  65|0x0000000708200000, 0x0000000708255000, 0x0000000708400000| 16%| O|  |TAMS 0x0000000708200000, 0x0000000708200000| Untracked 
|  66|0x0000000708400000, 0x0000000708400000, 0x0000000708600000|  0%| F|  |TAMS 0x0000000708400000, 0x0000000708400000| Untracked 
|  67|0x0000000708600000, 0x0000000708600000, 0x0000000708800000|  0%| F|  |TAMS 0x0000000708600000, 0x0000000708600000| Untracked 
|  68|0x0000000708800000, 0x0000000708800000, 0x0000000708a00000|  0%| F|  |TAMS 0x0000000708800000, 0x0000000708800000| Untracked 
|  69|0x0000000708a00000, 0x0000000708a00000, 0x0000000708c00000|  0%| F|  |TAMS 0x0000000708a00000, 0x0000000708a00000| Untracked 
|  70|0x0000000708c00000, 0x0000000708c00000, 0x0000000708e00000|  0%| F|  |TAMS 0x0000000708c00000, 0x0000000708c00000| Untracked 
|  71|0x0000000708e00000, 0x0000000708e00000, 0x0000000709000000|  0%| F|  |TAMS 0x0000000708e00000, 0x0000000708e00000| Untracked 
|  72|0x0000000709000000, 0x0000000709000000, 0x0000000709200000|  0%| F|  |TAMS 0x0000000709000000, 0x0000000709000000| Untracked 
|  73|0x0000000709200000, 0x0000000709200000, 0x0000000709400000|  0%| F|  |TAMS 0x0000000709200000, 0x0000000709200000| Untracked 
|  74|0x0000000709400000, 0x0000000709400000, 0x0000000709600000|  0%| F|  |TAMS 0x0000000709400000, 0x0000000709400000| Untracked 
|  75|0x0000000709600000, 0x0000000709600000, 0x0000000709800000|  0%| F|  |TAMS 0x0000000709600000, 0x0000000709600000| Untracked 
|  76|0x0000000709800000, 0x0000000709800000, 0x0000000709a00000|  0%| F|  |TAMS 0x0000000709800000, 0x0000000709800000| Untracked 
|  77|0x0000000709a00000, 0x0000000709a00000, 0x0000000709c00000|  0%| F|  |TAMS 0x0000000709a00000, 0x0000000709a00000| Untracked 
|  78|0x0000000709c00000, 0x0000000709c00000, 0x0000000709e00000|  0%| F|  |TAMS 0x0000000709c00000, 0x0000000709c00000| Untracked 
|  79|0x0000000709e00000, 0x0000000709e00000, 0x000000070a000000|  0%| F|  |TAMS 0x0000000709e00000, 0x0000000709e00000| Untracked 
|  80|0x000000070a000000, 0x000000070a000000, 0x000000070a200000|  0%| F|  |TAMS 0x000000070a000000, 0x000000070a000000| Untracked 
|  81|0x000000070a200000, 0x000000070a200000, 0x000000070a400000|  0%| F|  |TAMS 0x000000070a200000, 0x000000070a200000| Untracked 
|  82|0x000000070a400000, 0x000000070a400000, 0x000000070a600000|  0%| F|  |TAMS 0x000000070a400000, 0x000000070a400000| Untracked 
|  83|0x000000070a600000, 0x000000070a600000, 0x000000070a800000|  0%| F|  |TAMS 0x000000070a600000, 0x000000070a600000| Untracked 
|  84|0x000000070a800000, 0x000000070a9d0820, 0x000000070aa00000| 90%| S|CS|TAMS 0x000000070a800000, 0x000000070a800000| Complete 
|  85|0x000000070aa00000, 0x000000070ac00000, 0x000000070ac00000|100%| S|CS|TAMS 0x000000070aa00000, 0x000000070aa00000| Complete 
|  86|0x000000070ac00000, 0x000000070ae00000, 0x000000070ae00000|100%| S|CS|TAMS 0x000000070ac00000, 0x000000070ac00000| Complete 
|  87|0x000000070ae00000, 0x000000070b000000, 0x000000070b000000|100%| S|CS|TAMS 0x000000070ae00000, 0x000000070ae00000| Complete 
|  88|0x000000070b000000, 0x000000070b200000, 0x000000070b200000|100%| S|CS|TAMS 0x000000070b000000, 0x000000070b000000| Complete 
|  89|0x000000070b200000, 0x000000070b400000, 0x000000070b400000|100%| S|CS|TAMS 0x000000070b200000, 0x000000070b200000| Complete 
|  90|0x000000070b400000, 0x000000070b600000, 0x000000070b600000|100%| S|CS|TAMS 0x000000070b400000, 0x000000070b400000| Complete 
|  91|0x000000070b600000, 0x000000070b600000, 0x000000070b800000|  0%| F|  |TAMS 0x000000070b600000, 0x000000070b600000| Untracked 
|  92|0x000000070b800000, 0x000000070b800000, 0x000000070ba00000|  0%| F|  |TAMS 0x000000070b800000, 0x000000070b800000| Untracked 
|  93|0x000000070ba00000, 0x000000070ba00000, 0x000000070bc00000|  0%| F|  |TAMS 0x000000070ba00000, 0x000000070ba00000| Untracked 
|  94|0x000000070bc00000, 0x000000070bc00000, 0x000000070be00000|  0%| F|  |TAMS 0x000000070bc00000, 0x000000070bc00000| Untracked 
|  95|0x000000070be00000, 0x000000070be00000, 0x000000070c000000|  0%| F|  |TAMS 0x000000070be00000, 0x000000070be00000| Untracked 
|  96|0x000000070c000000, 0x000000070c000000, 0x000000070c200000|  0%| F|  |TAMS 0x000000070c000000, 0x000000070c000000| Untracked 
|  97|0x000000070c200000, 0x000000070c200000, 0x000000070c400000|  0%| F|  |TAMS 0x000000070c200000, 0x000000070c200000| Untracked 
|  98|0x000000070c400000, 0x000000070c400000, 0x000000070c600000|  0%| F|  |TAMS 0x000000070c400000, 0x000000070c400000| Untracked 
|  99|0x000000070c600000, 0x000000070c600000, 0x000000070c800000|  0%| F|  |TAMS 0x000000070c600000, 0x000000070c600000| Untracked 
| 100|0x000000070c800000, 0x000000070c800000, 0x000000070ca00000|  0%| F|  |TAMS 0x000000070c800000, 0x000000070c800000| Untracked 
| 101|0x000000070ca00000, 0x000000070ca00000, 0x000000070cc00000|  0%| F|  |TAMS 0x000000070ca00000, 0x000000070ca00000| Untracked 
| 102|0x000000070cc00000, 0x000000070cc00000, 0x000000070ce00000|  0%| F|  |TAMS 0x000000070cc00000, 0x000000070cc00000| Untracked 
| 103|0x000000070ce00000, 0x000000070ce00000, 0x000000070d000000|  0%| F|  |TAMS 0x000000070ce00000, 0x000000070ce00000| Untracked 
| 104|0x000000070d000000, 0x000000070d000000, 0x000000070d200000|  0%| F|  |TAMS 0x000000070d000000, 0x000000070d000000| Untracked 
| 105|0x000000070d200000, 0x000000070d200000, 0x000000070d400000|  0%| F|  |TAMS 0x000000070d200000, 0x000000070d200000| Untracked 
| 106|0x000000070d400000, 0x000000070d400000, 0x000000070d600000|  0%| F|  |TAMS 0x000000070d400000, 0x000000070d400000| Untracked 
| 107|0x000000070d600000, 0x000000070d600000, 0x000000070d800000|  0%| F|  |TAMS 0x000000070d600000, 0x000000070d600000| Untracked 
| 108|0x000000070d800000, 0x000000070d800000, 0x000000070da00000|  0%| F|  |TAMS 0x000000070d800000, 0x000000070d800000| Untracked 
| 109|0x000000070da00000, 0x000000070da00000, 0x000000070dc00000|  0%| F|  |TAMS 0x000000070da00000, 0x000000070da00000| Untracked 
| 110|0x000000070dc00000, 0x000000070dc00000, 0x000000070de00000|  0%| F|  |TAMS 0x000000070dc00000, 0x000000070dc00000| Untracked 
| 111|0x000000070de00000, 0x000000070de00000, 0x000000070e000000|  0%| F|  |TAMS 0x000000070de00000, 0x000000070de00000| Untracked 
| 112|0x000000070e000000, 0x000000070e000000, 0x000000070e200000|  0%| F|  |TAMS 0x000000070e000000, 0x000000070e000000| Untracked 
| 113|0x000000070e200000, 0x000000070e200000, 0x000000070e400000|  0%| F|  |TAMS 0x000000070e200000, 0x000000070e200000| Untracked 
| 114|0x000000070e400000, 0x000000070e400000, 0x000000070e600000|  0%| F|  |TAMS 0x000000070e400000, 0x000000070e400000| Untracked 
| 115|0x000000070e600000, 0x000000070e600000, 0x000000070e800000|  0%| F|  |TAMS 0x000000070e600000, 0x000000070e600000| Untracked 
| 116|0x000000070e800000, 0x000000070e800000, 0x000000070ea00000|  0%| F|  |TAMS 0x000000070e800000, 0x000000070e800000| Untracked 
| 117|0x000000070ea00000, 0x000000070ea00000, 0x000000070ec00000|  0%| F|  |TAMS 0x000000070ea00000, 0x000000070ea00000| Untracked 
| 118|0x000000070ec00000, 0x000000070ec00000, 0x000000070ee00000|  0%| F|  |TAMS 0x000000070ec00000, 0x000000070ec00000| Untracked 
| 119|0x000000070ee00000, 0x000000070ee00000, 0x000000070f000000|  0%| F|  |TAMS 0x000000070ee00000, 0x000000070ee00000| Untracked 
| 120|0x000000070f000000, 0x000000070f000000, 0x000000070f200000|  0%| F|  |TAMS 0x000000070f000000, 0x000000070f000000| Untracked 
| 121|0x000000070f200000, 0x000000070f200000, 0x000000070f400000|  0%| F|  |TAMS 0x000000070f200000, 0x000000070f200000| Untracked 
| 122|0x000000070f400000, 0x000000070f400000, 0x000000070f600000|  0%| F|  |TAMS 0x000000070f400000, 0x000000070f400000| Untracked 
| 123|0x000000070f600000, 0x000000070f600000, 0x000000070f800000|  0%| F|  |TAMS 0x000000070f600000, 0x000000070f600000| Untracked 
| 124|0x000000070f800000, 0x000000070f800000, 0x000000070fa00000|  0%| F|  |TAMS 0x000000070f800000, 0x000000070f800000| Untracked 
| 125|0x000000070fa00000, 0x000000070fa00000, 0x000000070fc00000|  0%| F|  |TAMS 0x000000070fa00000, 0x000000070fa00000| Untracked 
| 126|0x000000070fc00000, 0x000000070fc00000, 0x000000070fe00000|  0%| F|  |TAMS 0x000000070fc00000, 0x000000070fc00000| Untracked 
| 127|0x000000070fe00000, 0x000000070fe00000, 0x0000000710000000|  0%| F|  |TAMS 0x000000070fe00000, 0x000000070fe00000| Untracked 
| 128|0x0000000710000000, 0x0000000710000000, 0x0000000710200000|  0%| F|  |TAMS 0x0000000710000000, 0x0000000710000000| Untracked 
| 129|0x0000000710200000, 0x0000000710200000, 0x0000000710400000|  0%| F|  |TAMS 0x0000000710200000, 0x0000000710200000| Untracked 
| 130|0x0000000710400000, 0x0000000710400000, 0x0000000710600000|  0%| F|  |TAMS 0x0000000710400000, 0x0000000710400000| Untracked 
| 131|0x0000000710600000, 0x0000000710600000, 0x0000000710800000|  0%| F|  |TAMS 0x0000000710600000, 0x0000000710600000| Untracked 
| 132|0x0000000710800000, 0x0000000710800000, 0x0000000710a00000|  0%| F|  |TAMS 0x0000000710800000, 0x0000000710800000| Untracked 
| 133|0x0000000710a00000, 0x0000000710a00000, 0x0000000710c00000|  0%| F|  |TAMS 0x0000000710a00000, 0x0000000710a00000| Untracked 
| 134|0x0000000710c00000, 0x0000000710c00000, 0x0000000710e00000|  0%| F|  |TAMS 0x0000000710c00000, 0x0000000710c00000| Untracked 
| 135|0x0000000710e00000, 0x0000000710e00000, 0x0000000711000000|  0%| F|  |TAMS 0x0000000710e00000, 0x0000000710e00000| Untracked 
| 136|0x0000000711000000, 0x0000000711000000, 0x0000000711200000|  0%| F|  |TAMS 0x0000000711000000, 0x0000000711000000| Untracked 
| 137|0x0000000711200000, 0x0000000711200000, 0x0000000711400000|  0%| F|  |TAMS 0x0000000711200000, 0x0000000711200000| Untracked 
| 138|0x0000000711400000, 0x0000000711400000, 0x0000000711600000|  0%| F|  |TAMS 0x0000000711400000, 0x0000000711400000| Untracked 
| 139|0x0000000711600000, 0x0000000711600000, 0x0000000711800000|  0%| F|  |TAMS 0x0000000711600000, 0x0000000711600000| Untracked 
| 140|0x0000000711800000, 0x0000000711800000, 0x0000000711a00000|  0%| F|  |TAMS 0x0000000711800000, 0x0000000711800000| Untracked 
| 141|0x0000000711a00000, 0x0000000711a00000, 0x0000000711c00000|  0%| F|  |TAMS 0x0000000711a00000, 0x0000000711a00000| Untracked 
| 142|0x0000000711c00000, 0x0000000711c00000, 0x0000000711e00000|  0%| F|  |TAMS 0x0000000711c00000, 0x0000000711c00000| Untracked 
| 143|0x0000000711e00000, 0x0000000711e00000, 0x0000000712000000|  0%| F|  |TAMS 0x0000000711e00000, 0x0000000711e00000| Untracked 
| 144|0x0000000712000000, 0x0000000712000000, 0x0000000712200000|  0%| F|  |TAMS 0x0000000712000000, 0x0000000712000000| Untracked 
| 145|0x0000000712200000, 0x0000000712200000, 0x0000000712400000|  0%| F|  |TAMS 0x0000000712200000, 0x0000000712200000| Untracked 
| 146|0x0000000712400000, 0x0000000712400000, 0x0000000712600000|  0%| F|  |TAMS 0x0000000712400000, 0x0000000712400000| Untracked 
| 147|0x0000000712600000, 0x0000000712600000, 0x0000000712800000|  0%| F|  |TAMS 0x0000000712600000, 0x0000000712600000| Untracked 
| 148|0x0000000712800000, 0x0000000712800000, 0x0000000712a00000|  0%| F|  |TAMS 0x0000000712800000, 0x0000000712800000| Untracked 
| 149|0x0000000712a00000, 0x0000000712a00000, 0x0000000712c00000|  0%| F|  |TAMS 0x0000000712a00000, 0x0000000712a00000| Untracked 
| 150|0x0000000712c00000, 0x0000000712c00000, 0x0000000712e00000|  0%| F|  |TAMS 0x0000000712c00000, 0x0000000712c00000| Untracked 
| 151|0x0000000712e00000, 0x0000000712e00000, 0x0000000713000000|  0%| F|  |TAMS 0x0000000712e00000, 0x0000000712e00000| Untracked 
| 152|0x0000000713000000, 0x0000000713000000, 0x0000000713200000|  0%| F|  |TAMS 0x0000000713000000, 0x0000000713000000| Untracked 
| 153|0x0000000713200000, 0x0000000713200000, 0x0000000713400000|  0%| F|  |TAMS 0x0000000713200000, 0x0000000713200000| Untracked 
| 154|0x0000000713400000, 0x0000000713400000, 0x0000000713600000|  0%| F|  |TAMS 0x0000000713400000, 0x0000000713400000| Untracked 
| 155|0x0000000713600000, 0x0000000713600000, 0x0000000713800000|  0%| F|  |TAMS 0x0000000713600000, 0x0000000713600000| Untracked 
| 156|0x0000000713800000, 0x0000000713800000, 0x0000000713a00000|  0%| F|  |TAMS 0x0000000713800000, 0x0000000713800000| Untracked 
| 157|0x0000000713a00000, 0x0000000713a00000, 0x0000000713c00000|  0%| F|  |TAMS 0x0000000713a00000, 0x0000000713a00000| Untracked 
| 158|0x0000000713c00000, 0x0000000713c00000, 0x0000000713e00000|  0%| F|  |TAMS 0x0000000713c00000, 0x0000000713c00000| Untracked 
| 159|0x0000000713e00000, 0x0000000713e00000, 0x0000000714000000|  0%| F|  |TAMS 0x0000000713e00000, 0x0000000713e00000| Untracked 
| 160|0x0000000714000000, 0x0000000714000000, 0x0000000714200000|  0%| F|  |TAMS 0x0000000714000000, 0x0000000714000000| Untracked 
| 161|0x0000000714200000, 0x0000000714200000, 0x0000000714400000|  0%| F|  |TAMS 0x0000000714200000, 0x0000000714200000| Untracked 
| 162|0x0000000714400000, 0x0000000714400000, 0x0000000714600000|  0%| F|  |TAMS 0x0000000714400000, 0x0000000714400000| Untracked 
| 163|0x0000000714600000, 0x0000000714600000, 0x0000000714800000|  0%| F|  |TAMS 0x0000000714600000, 0x0000000714600000| Untracked 
| 164|0x0000000714800000, 0x0000000714800000, 0x0000000714a00000|  0%| F|  |TAMS 0x0000000714800000, 0x0000000714800000| Untracked 
| 165|0x0000000714a00000, 0x0000000714a00000, 0x0000000714c00000|  0%| F|  |TAMS 0x0000000714a00000, 0x0000000714a00000| Untracked 
| 166|0x0000000714c00000, 0x0000000714c00000, 0x0000000714e00000|  0%| F|  |TAMS 0x0000000714c00000, 0x0000000714c00000| Untracked 
| 167|0x0000000714e00000, 0x0000000714e00000, 0x0000000715000000|  0%| F|  |TAMS 0x0000000714e00000, 0x0000000714e00000| Untracked 
| 168|0x0000000715000000, 0x0000000715000000, 0x0000000715200000|  0%| F|  |TAMS 0x0000000715000000, 0x0000000715000000| Untracked 
| 169|0x0000000715200000, 0x0000000715200000, 0x0000000715400000|  0%| F|  |TAMS 0x0000000715200000, 0x0000000715200000| Untracked 
| 170|0x0000000715400000, 0x0000000715400000, 0x0000000715600000|  0%| F|  |TAMS 0x0000000715400000, 0x0000000715400000| Untracked 
| 171|0x0000000715600000, 0x0000000715600000, 0x0000000715800000|  0%| F|  |TAMS 0x0000000715600000, 0x0000000715600000| Untracked 
| 172|0x0000000715800000, 0x0000000715800000, 0x0000000715a00000|  0%| F|  |TAMS 0x0000000715800000, 0x0000000715800000| Untracked 
| 173|0x0000000715a00000, 0x0000000715a00000, 0x0000000715c00000|  0%| F|  |TAMS 0x0000000715a00000, 0x0000000715a00000| Untracked 
| 174|0x0000000715c00000, 0x0000000715c00000, 0x0000000715e00000|  0%| F|  |TAMS 0x0000000715c00000, 0x0000000715c00000| Untracked 
| 175|0x0000000715e00000, 0x0000000715e00000, 0x0000000716000000|  0%| F|  |TAMS 0x0000000715e00000, 0x0000000715e00000| Untracked 
| 176|0x0000000716000000, 0x0000000716000000, 0x0000000716200000|  0%| F|  |TAMS 0x0000000716000000, 0x0000000716000000| Untracked 
| 177|0x0000000716200000, 0x0000000716200000, 0x0000000716400000|  0%| F|  |TAMS 0x0000000716200000, 0x0000000716200000| Untracked 
| 178|0x0000000716400000, 0x0000000716400000, 0x0000000716600000|  0%| F|  |TAMS 0x0000000716400000, 0x0000000716400000| Untracked 
| 179|0x0000000716600000, 0x0000000716600000, 0x0000000716800000|  0%| F|  |TAMS 0x0000000716600000, 0x0000000716600000| Untracked 
| 180|0x0000000716800000, 0x0000000716800000, 0x0000000716a00000|  0%| F|  |TAMS 0x0000000716800000, 0x0000000716800000| Untracked 
| 181|0x0000000716a00000, 0x0000000716a00000, 0x0000000716c00000|  0%| F|  |TAMS 0x0000000716a00000, 0x0000000716a00000| Untracked 
| 182|0x0000000716c00000, 0x0000000716c00000, 0x0000000716e00000|  0%| F|  |TAMS 0x0000000716c00000, 0x0000000716c00000| Untracked 
| 183|0x0000000716e00000, 0x0000000716e00000, 0x0000000717000000|  0%| F|  |TAMS 0x0000000716e00000, 0x0000000716e00000| Untracked 
| 184|0x0000000717000000, 0x0000000717000000, 0x0000000717200000|  0%| F|  |TAMS 0x0000000717000000, 0x0000000717000000| Untracked 
| 185|0x0000000717200000, 0x0000000717200000, 0x0000000717400000|  0%| F|  |TAMS 0x0000000717200000, 0x0000000717200000| Untracked 
| 186|0x0000000717400000, 0x0000000717400000, 0x0000000717600000|  0%| F|  |TAMS 0x0000000717400000, 0x0000000717400000| Untracked 
| 187|0x0000000717600000, 0x0000000717600000, 0x0000000717800000|  0%| F|  |TAMS 0x0000000717600000, 0x0000000717600000| Untracked 
| 188|0x0000000717800000, 0x0000000717800000, 0x0000000717a00000|  0%| F|  |TAMS 0x0000000717800000, 0x0000000717800000| Untracked 
| 189|0x0000000717a00000, 0x0000000717a00000, 0x0000000717c00000|  0%| F|  |TAMS 0x0000000717a00000, 0x0000000717a00000| Untracked 
| 190|0x0000000717c00000, 0x0000000717c00000, 0x0000000717e00000|  0%| F|  |TAMS 0x0000000717c00000, 0x0000000717c00000| Untracked 
| 191|0x0000000717e00000, 0x0000000717e00000, 0x0000000718000000|  0%| F|  |TAMS 0x0000000717e00000, 0x0000000717e00000| Untracked 
| 192|0x0000000718000000, 0x0000000718000000, 0x0000000718200000|  0%| F|  |TAMS 0x0000000718000000, 0x0000000718000000| Untracked 
| 193|0x0000000718200000, 0x0000000718200000, 0x0000000718400000|  0%| F|  |TAMS 0x0000000718200000, 0x0000000718200000| Untracked 
| 194|0x0000000718400000, 0x0000000718400000, 0x0000000718600000|  0%| F|  |TAMS 0x0000000718400000, 0x0000000718400000| Untracked 
| 195|0x0000000718600000, 0x0000000718600000, 0x0000000718800000|  0%| F|  |TAMS 0x0000000718600000, 0x0000000718600000| Untracked 
| 196|0x0000000718800000, 0x0000000718800000, 0x0000000718a00000|  0%| F|  |TAMS 0x0000000718800000, 0x0000000718800000| Untracked 
| 197|0x0000000718a00000, 0x0000000718a00000, 0x0000000718c00000|  0%| F|  |TAMS 0x0000000718a00000, 0x0000000718a00000| Untracked 
| 198|0x0000000718c00000, 0x0000000718c00000, 0x0000000718e00000|  0%| F|  |TAMS 0x0000000718c00000, 0x0000000718c00000| Untracked 
| 199|0x0000000718e00000, 0x0000000718e00000, 0x0000000719000000|  0%| F|  |TAMS 0x0000000718e00000, 0x0000000718e00000| Untracked 
| 200|0x0000000719000000, 0x0000000719180c90, 0x0000000719200000| 75%| E|  |TAMS 0x0000000719000000, 0x0000000719000000| Complete 
| 201|0x0000000719200000, 0x0000000719400000, 0x0000000719400000|100%| E|CS|TAMS 0x0000000719200000, 0x0000000719200000| Complete 
| 202|0x0000000719400000, 0x0000000719600000, 0x0000000719600000|100%| E|CS|TAMS 0x0000000719400000, 0x0000000719400000| Complete 
| 203|0x0000000719600000, 0x0000000719800000, 0x0000000719800000|100%| E|CS|TAMS 0x0000000719600000, 0x0000000719600000| Complete 
| 204|0x0000000719800000, 0x0000000719a00000, 0x0000000719a00000|100%| E|CS|TAMS 0x0000000719800000, 0x0000000719800000| Complete 
| 205|0x0000000719a00000, 0x0000000719c00000, 0x0000000719c00000|100%| E|CS|TAMS 0x0000000719a00000, 0x0000000719a00000| Complete 
| 206|0x0000000719c00000, 0x0000000719e00000, 0x0000000719e00000|100%| E|CS|TAMS 0x0000000719c00000, 0x0000000719c00000| Complete 
| 207|0x0000000719e00000, 0x000000071a000000, 0x000000071a000000|100%| E|CS|TAMS 0x0000000719e00000, 0x0000000719e00000| Complete 
| 208|0x000000071a000000, 0x000000071a200000, 0x000000071a200000|100%| E|CS|TAMS 0x000000071a000000, 0x000000071a000000| Complete 
| 209|0x000000071a200000, 0x000000071a400000, 0x000000071a400000|100%| E|CS|TAMS 0x000000071a200000, 0x000000071a200000| Complete 
| 210|0x000000071a400000, 0x000000071a600000, 0x000000071a600000|100%| E|CS|TAMS 0x000000071a400000, 0x000000071a400000| Complete 
| 211|0x000000071a600000, 0x000000071a800000, 0x000000071a800000|100%| E|CS|TAMS 0x000000071a600000, 0x000000071a600000| Complete 
| 212|0x000000071a800000, 0x000000071aa00000, 0x000000071aa00000|100%| E|CS|TAMS 0x000000071a800000, 0x000000071a800000| Complete 
| 213|0x000000071aa00000, 0x000000071ac00000, 0x000000071ac00000|100%| E|CS|TAMS 0x000000071aa00000, 0x000000071aa00000| Complete 
| 214|0x000000071ac00000, 0x000000071ae00000, 0x000000071ae00000|100%| E|CS|TAMS 0x000000071ac00000, 0x000000071ac00000| Complete 
| 215|0x000000071ae00000, 0x000000071b000000, 0x000000071b000000|100%| E|CS|TAMS 0x000000071ae00000, 0x000000071ae00000| Complete 
| 216|0x000000071b000000, 0x000000071b200000, 0x000000071b200000|100%| E|CS|TAMS 0x000000071b000000, 0x000000071b000000| Complete 
| 217|0x000000071b200000, 0x000000071b400000, 0x000000071b400000|100%| E|CS|TAMS 0x000000071b200000, 0x000000071b200000| Complete 
| 218|0x000000071b400000, 0x000000071b600000, 0x000000071b600000|100%| E|CS|TAMS 0x000000071b400000, 0x000000071b400000| Complete 
| 219|0x000000071b600000, 0x000000071b800000, 0x000000071b800000|100%| E|CS|TAMS 0x000000071b600000, 0x000000071b600000| Complete 
| 220|0x000000071b800000, 0x000000071ba00000, 0x000000071ba00000|100%| E|CS|TAMS 0x000000071b800000, 0x000000071b800000| Complete 
| 221|0x000000071ba00000, 0x000000071bc00000, 0x000000071bc00000|100%| E|CS|TAMS 0x000000071ba00000, 0x000000071ba00000| Complete 
| 222|0x000000071bc00000, 0x000000071be00000, 0x000000071be00000|100%| E|CS|TAMS 0x000000071bc00000, 0x000000071bc00000| Complete 
| 223|0x000000071be00000, 0x000000071c000000, 0x000000071c000000|100%| E|CS|TAMS 0x000000071be00000, 0x000000071be00000| Complete 
| 253|0x000000071fa00000, 0x000000071fc00000, 0x000000071fc00000|100%| E|CS|TAMS 0x000000071fa00000, 0x000000071fa00000| Complete 
| 254|0x000000071fc00000, 0x000000071fe00000, 0x000000071fe00000|100%| E|CS|TAMS 0x000000071fc00000, 0x000000071fc00000| Complete 
| 255|0x000000071fe00000, 0x0000000720000000, 0x0000000720000000|100%| E|CS|TAMS 0x000000071fe00000, 0x000000071fe00000| Complete 

Card table byte_map: [0x0000021d62e60000,0x0000021d63660000] _byte_map_base: 0x0000021d5f660000

Marking Bits (Prev, Next): (CMBitMap*) 0x0000021d4d763920, (CMBitMap*) 0x0000021d4d763960
 Prev Bits: [0x0000021d63e60000, 0x0000021d67e60000)
 Next Bits: [0x0000021d67e60000, 0x0000021d6be60000)

Polling page: 0x0000021d4d7b0000

Metaspace:

Usage:
  Non-class:     69.76 MB used.
      Class:     10.79 MB used.
       Both:     80.55 MB used.

Virtual space:
  Non-class space:       72.00 MB reserved,      70.38 MB ( 98%) committed,  9 nodes.
      Class space:        1.00 GB reserved,      11.31 MB (  1%) committed,  1 nodes.
             Both:        1.07 GB reserved,      81.69 MB (  7%) committed. 

Chunk freelists:
   Non-Class:  1.37 MB
       Class:  554.00 KB
        Both:  1.91 MB

MaxMetaspaceSize: unlimited
CompressedClassSpaceSize: 1.00 GB
Initial GC threshold: 21.00 MB
Current GC threshold: 125.12 MB
CDS: off
MetaspaceReclaimPolicy: balanced
 - commit_granule_bytes: 65536.
 - commit_granule_words: 8192.
 - virtual_space_node_default_size: 1048576.
 - enlarge_chunks_in_place: 1.
 - new_chunks_are_fully_committed: 0.
 - uncommit_free_chunks: 1.
 - use_allocation_guard: 0.
 - handle_deallocations: 1.


Internal statistics:

num_allocs_failed_limit: 12.
num_arena_births: 1694.
num_arena_deaths: 0.
num_vsnodes_births: 10.
num_vsnodes_deaths: 0.
num_space_committed: 1304.
num_space_uncommitted: 0.
num_chunks_returned_to_freelist: 12.
num_chunks_taken_from_freelist: 4527.
num_chunk_merges: 9.
num_chunk_splits: 2994.
num_chunks_enlarged: 2018.
num_purges: 0.
num_inconsistent_stats: 0.

CodeHeap 'non-profiled nmethods': size=119168Kb used=7444Kb max_used=7444Kb free=111723Kb
 bounds [0x0000021d5a220000, 0x0000021d5a970000, 0x0000021d61680000]
CodeHeap 'profiled nmethods': size=119104Kb used=13303Kb max_used=13454Kb free=105800Kb
 bounds [0x0000021d52dd0000, 0x0000021d53b10000, 0x0000021d5a220000]
CodeHeap 'non-nmethods': size=7488Kb used=3679Kb max_used=3752Kb free=3808Kb
 bounds [0x0000021d52680000, 0x0000021d52a30000, 0x0000021d52dd0000]
 total_blobs=9309 nmethods=7794 adapters=1424
 compilation: enabled
              stopped_count=0, restarted_count=0
 full_count=0

Compilation events (20 events):
Event: 10.373 Thread 0x0000021d6fba50f0 nmethod 9947 0x0000021d5a95cf90 code [0x0000021d5a95d360, 0x0000021d5a961118]
Event: 10.373 Thread 0x0000021d6fa2efe0 9969       3       org.lwjgl.system.MemoryUtil::encodeASCIIUnsafe (53 bytes)
Event: 10.373 Thread 0x0000021d6fb1e950 nmethod 9968 0x0000021d5325b690 code [0x0000021d5325b820, 0x0000021d5325b938]
Event: 10.373 Thread 0x0000021d6f8cbac0 9970       1       org.lwjgl.system.Pointer$Default::address (5 bytes)
Event: 10.373 Thread 0x0000021d6f8cbac0 nmethod 9970 0x0000021d5a963b10 code [0x0000021d5a963ca0, 0x0000021d5a963d78]
Event: 10.373 Thread 0x0000021d6fa2efe0 nmethod 9969 0x0000021d539f7490 code [0x0000021d539f7660, 0x0000021d539f7a78]
Event: 10.387 Thread 0x0000021d6fa2efe0 9972       3       java.util.stream.ReferencePipeline::dropWhile (6 bytes)
Event: 10.387 Thread 0x0000021d6fb1e950 9973       3       java.util.stream.WhileOps::makeDropWhileRef (21 bytes)
Event: 10.387 Thread 0x0000021d6f8cbac0 9974       3       java.util.stream.WhileOps$1Op::<init> (14 bytes)
Event: 10.387 Thread 0x0000021d6fb1ee60 9975       3       java.util.stream.WhileOps$1Op::opWrapSink (7 bytes)
Event: 10.387 Thread 0x0000021d6fa2efe0 nmethod 9972 0x0000021d5325b310 code [0x0000021d5325b4a0, 0x0000021d5325b5c8]
Event: 10.387 Thread 0x0000021d6fb1ee60 nmethod 9975 0x0000021d5398c710 code [0x0000021d5398c8c0, 0x0000021d5398ca08]
Event: 10.387 Thread 0x0000021d6fa2efe0 9976       3       java.util.stream.WhileOps$1Op::opWrapSink (11 bytes)
Event: 10.387 Thread 0x0000021d6fb1ee60 9977       3       java.util.stream.WhileOps$1Op$1OpSink::<init> (21 bytes)
Event: 10.387 Thread 0x0000021d6f8cbac0 nmethod 9974 0x0000021d5398c190 code [0x0000021d5398c340, 0x0000021d5398c5c8]
Event: 10.387 Thread 0x0000021d6fb1e950 nmethod 9973 0x0000021d5398b910 code [0x0000021d5398bae0, 0x0000021d5398bf98]
Event: 10.388 Thread 0x0000021d6fb1ee60 nmethod 9977 0x0000021d5398b010 code [0x0000021d5398b1e0, 0x0000021d5398b748]
Event: 10.388 Thread 0x0000021d6fa2efe0 nmethod 9976 0x0000021d5398a610 code [0x0000021d5398a800, 0x0000021d5398ae48]
Event: 10.393 Thread 0x0000021d6f8a8530 9980       4       java.lang.String::codePointAt (50 bytes)
Event: 10.393 Thread 0x0000021d6f8a8530 nmethod 9980 0x0000021d5a964710 code [0x0000021d5a964880, 0x0000021d5a964958]

GC Heap History (20 events):
Event: 3.991 GC heap before
{Heap before GC invocations=7 (full 0):
 garbage-first heap   total 262144K, used 177872K [0x0000000700000000, 0x0000000800000000)
  region size 2048K, 73 young (149504K), 10 survivors (20480K)
 Metaspace       used 35378K, committed 36160K, reserved 1081344K
  class space    used 4030K, committed 4416K, reserved 1048576K
}
Event: 4.004 GC heap after
{Heap after GC invocations=8 (full 0):
 garbage-first heap   total 315392K, used 56447K [0x0000000700000000, 0x0000000800000000)
  region size 2048K, 2 young (4096K), 2 survivors (4096K)
 Metaspace       used 35378K, committed 36160K, reserved 1081344K
  class space    used 4030K, committed 4416K, reserved 1048576K
}
Event: 4.318 GC heap before
{Heap before GC invocations=9 (full 0):
 garbage-first heap   total 262144K, used 236671K [0x0000000700000000, 0x0000000800000000)
  region size 2048K, 90 young (184320K), 2 survivors (4096K)
 Metaspace       used 35461K, committed 36288K, reserved 1081344K
  class space    used 4057K, committed 4416K, reserved 1048576K
}
Event: 4.322 GC heap after
{Heap after GC invocations=10 (full 0):
 garbage-first heap   total 262144K, used 56621K [0x0000000700000000, 0x0000000800000000)
  region size 2048K, 2 young (4096K), 2 survivors (4096K)
 Metaspace       used 35461K, committed 36288K, reserved 1081344K
  class space    used 4057K, committed 4416K, reserved 1048576K
}
Event: 4.333 GC heap before
{Heap before GC invocations=10 (full 0):
 garbage-first heap   total 262144K, used 62765K [0x0000000700000000, 0x0000000800000000)
  region size 2048K, 6 young (12288K), 2 survivors (4096K)
 Metaspace       used 35461K, committed 36288K, reserved 1081344K
  class space    used 4057K, committed 4416K, reserved 1048576K
}
Event: 4.339 GC heap after
{Heap after GC invocations=11 (full 0):
 garbage-first heap   total 262144K, used 56487K [0x0000000700000000, 0x0000000800000000)
  region size 2048K, 1 young (2048K), 1 survivors (2048K)
 Metaspace       used 35461K, committed 36288K, reserved 1081344K
  class space    used 4057K, committed 4416K, reserved 1048576K
}
Event: 4.776 GC heap before
{Heap before GC invocations=11 (full 0):
 garbage-first heap   total 262144K, used 218279K [0x0000000700000000, 0x0000000800000000)
  region size 2048K, 74 young (151552K), 1 survivors (2048K)
 Metaspace       used 38181K, committed 38976K, reserved 1089536K
  class space    used 4435K, committed 4800K, reserved 1048576K
}
Event: 4.779 GC heap after
{Heap after GC invocations=12 (full 0):
 garbage-first heap   total 262144K, used 70503K [0x0000000700000000, 0x0000000800000000)
  region size 2048K, 2 young (4096K), 2 survivors (4096K)
 Metaspace       used 38181K, committed 38976K, reserved 1089536K
  class space    used 4435K, committed 4800K, reserved 1048576K
}
Event: 5.126 GC heap before
{Heap before GC invocations=12 (full 0):
 garbage-first heap   total 262144K, used 211815K [0x0000000700000000, 0x0000000800000000)
  region size 2048K, 71 young (145408K), 2 survivors (4096K)
 Metaspace       used 39894K, committed 40768K, reserved 1089536K
  class space    used 4653K, committed 5056K, reserved 1048576K
}
Event: 5.130 GC heap after
{Heap after GC invocations=13 (full 0):
 garbage-first heap   total 262144K, used 72501K [0x0000000700000000, 0x0000000800000000)
  region size 2048K, 3 young (6144K), 3 survivors (6144K)
 Metaspace       used 39894K, committed 40768K, reserved 1089536K
  class space    used 4653K, committed 5056K, reserved 1048576K
}
Event: 6.189 GC heap before
{Heap before GC invocations=13 (full 0):
 garbage-first heap   total 262144K, used 211765K [0x0000000700000000, 0x0000000800000000)
  region size 2048K, 72 young (147456K), 3 survivors (6144K)
 Metaspace       used 45283K, committed 46272K, reserved 1089536K
  class space    used 5295K, committed 5760K, reserved 1048576K
}
Event: 6.194 GC heap after
{Heap after GC invocations=14 (full 0):
 garbage-first heap   total 262144K, used 74927K [0x0000000700000000, 0x0000000800000000)
  region size 2048K, 4 young (8192K), 4 survivors (8192K)
 Metaspace       used 45283K, committed 46272K, reserved 1089536K
  class space    used 5295K, committed 5760K, reserved 1048576K
}
Event: 6.927 GC heap before
{Heap before GC invocations=14 (full 0):
 garbage-first heap   total 262144K, used 216239K [0x0000000700000000, 0x0000000800000000)
  region size 2048K, 73 young (149504K), 4 survivors (8192K)
 Metaspace       used 50759K, committed 51712K, reserved 1097728K
  class space    used 6150K, committed 6592K, reserved 1048576K
}
Event: 6.939 GC heap after
{Heap after GC invocations=15 (full 0):
 garbage-first heap   total 262144K, used 85046K [0x0000000700000000, 0x0000000800000000)
  region size 2048K, 9 young (18432K), 9 survivors (18432K)
 Metaspace       used 50759K, committed 51712K, reserved 1097728K
  class space    used 6150K, committed 6592K, reserved 1048576K
}
Event: 7.222 GC heap before
{Heap before GC invocations=15 (full 0):
 garbage-first heap   total 262144K, used 212022K [0x0000000700000000, 0x0000000800000000)
  region size 2048K, 71 young (145408K), 9 survivors (18432K)
 Metaspace       used 51861K, committed 52800K, reserved 1097728K
  class space    used 6323K, committed 6784K, reserved 1048576K
}
Event: 7.241 GC heap after
{Heap after GC invocations=16 (full 0):
 garbage-first heap   total 524288K, used 98965K [0x0000000700000000, 0x0000000800000000)
  region size 2048K, 7 young (14336K), 7 survivors (14336K)
 Metaspace       used 51861K, committed 52800K, reserved 1097728K
  class space    used 6323K, committed 6784K, reserved 1048576K
}
Event: 8.323 GC heap before
{Heap before GC invocations=16 (full 0):
 garbage-first heap   total 524288K, used 344725K [0x0000000700000000, 0x0000000800000000)
  region size 2048K, 128 young (262144K), 7 survivors (14336K)
 Metaspace       used 59500K, committed 60416K, reserved 1105920K
  class space    used 7436K, committed 7872K, reserved 1048576K
}
Event: 8.342 GC heap after
{Heap after GC invocations=17 (full 0):
 garbage-first heap   total 524288K, used 131264K [0x0000000700000000, 0x0000000800000000)
  region size 2048K, 20 young (40960K), 20 survivors (40960K)
 Metaspace       used 59500K, committed 60416K, reserved 1105920K
  class space    used 7436K, committed 7872K, reserved 1048576K
}
Event: 9.656 GC heap before
{Heap before GC invocations=18 (full 0):
 garbage-first heap   total 464896K, used 368832K [0x0000000700000000, 0x0000000800000000)
  region size 2048K, 136 young (278528K), 20 survivors (40960K)
 Metaspace       used 75308K, committed 76416K, reserved 1122304K
  class space    used 10140K, committed 10624K, reserved 1048576K
}
Event: 9.673 GC heap after
{Heap after GC invocations=19 (full 0):
 garbage-first heap   total 464896K, used 145750K [0x0000000700000000, 0x0000000800000000)
  region size 2048K, 7 young (14336K), 7 survivors (14336K)
 Metaspace       used 75308K, committed 76416K, reserved 1122304K
  class space    used 10140K, committed 10624K, reserved 1048576K
}

Deoptimization events (20 events):
Event: 10.248 Thread 0x0000021d4d6f78f0 Uncommon trap: trap_request=0xffffff45 fr.pc=0x0000021d5a88a87c relative=0x000000000000155c
Event: 10.248 Thread 0x0000021d4d6f78f0 Uncommon trap: reason=unstable_if action=reinterpret pc=0x0000021d5a88a87c method=java.util.concurrent.ConcurrentHashMap.computeIfAbsent(Ljava/lang/Object;Ljava/util/function/Function;)Ljava/lang/Object; @ 244 c2
Event: 10.248 Thread 0x0000021d4d6f78f0 DEOPT PACKING pc=0x0000021d5a88a87c sp=0x000000d558ffc690
Event: 10.248 Thread 0x0000021d4d6f78f0 DEOPT UNPACKING pc=0x0000021d526d23a3 sp=0x000000d558ffc630 mode 2
Event: 10.345 Thread 0x0000021d4d6f78f0 Uncommon trap: trap_request=0xffffff45 fr.pc=0x0000021d5a6ef280 relative=0x00000000000000e0
Event: 10.345 Thread 0x0000021d4d6f78f0 Uncommon trap: reason=unstable_if action=reinterpret pc=0x0000021d5a6ef280 method=java.util.EnumMap.isValidKey(Ljava/lang/Object;)Z @ 16 c2
Event: 10.345 Thread 0x0000021d4d6f78f0 DEOPT PACKING pc=0x0000021d5a6ef280 sp=0x000000d558ffdd70
Event: 10.345 Thread 0x0000021d4d6f78f0 DEOPT UNPACKING pc=0x0000021d526d23a3 sp=0x000000d558ffdca8 mode 2
Event: 10.346 Thread 0x0000021d4d6f78f0 Uncommon trap: trap_request=0xffffff45 fr.pc=0x0000021d5a6ef680 relative=0x0000000000000080
Event: 10.346 Thread 0x0000021d4d6f78f0 Uncommon trap: reason=unstable_if action=reinterpret pc=0x0000021d5a6ef680 method=java.util.EnumMap.isValidKey(Ljava/lang/Object;)Z @ 16 c2
Event: 10.346 Thread 0x0000021d4d6f78f0 DEOPT PACKING pc=0x0000021d5a6ef680 sp=0x000000d558ffdd20
Event: 10.346 Thread 0x0000021d4d6f78f0 DEOPT UNPACKING pc=0x0000021d526d23a3 sp=0x000000d558ffdcb0 mode 2
Event: 10.346 Thread 0x0000021d4d6f78f0 Uncommon trap: trap_request=0xffffff45 fr.pc=0x0000021d5a7e5304 relative=0x00000000000002e4
Event: 10.346 Thread 0x0000021d4d6f78f0 Uncommon trap: reason=unstable_if action=reinterpret pc=0x0000021d5a7e5304 method=java.lang.invoke.AbstractValidatingLambdaMetafactory.isAdaptableTo(Ljava/lang/Class;Ljava/lang/Class;Z)Z @ 81 c2
Event: 10.346 Thread 0x0000021d4d6f78f0 DEOPT PACKING pc=0x0000021d5a7e5304 sp=0x000000d558ffccb0
Event: 10.346 Thread 0x0000021d4d6f78f0 DEOPT UNPACKING pc=0x0000021d526d23a3 sp=0x000000d558ffcc40 mode 2
Event: 10.346 Thread 0x0000021d4d6f78f0 Uncommon trap: trap_request=0xffffff45 fr.pc=0x0000021d5a86ce54 relative=0x0000000000000dd4
Event: 10.346 Thread 0x0000021d4d6f78f0 Uncommon trap: reason=unstable_if action=reinterpret pc=0x0000021d5a86ce54 method=java.lang.invoke.TypeConvertingMethodAdapter.convertType(Ljava/lang/Class;Ljava/lang/Class;Ljava/lang/Class;)V @ 186 c2
Event: 10.346 Thread 0x0000021d4d6f78f0 DEOPT PACKING pc=0x0000021d5a86ce54 sp=0x000000d558ffcb70
Event: 10.346 Thread 0x0000021d4d6f78f0 DEOPT UNPACKING pc=0x0000021d526d23a3 sp=0x000000d558ffcb10 mode 2

Classes unloaded (0 events):
No events

Classes redefined (0 events):
No events

Internal exceptions (20 events):
Event: 9.623 Thread 0x0000021d4d6f78f0 Exception <a 'java/lang/NoSuchMethodError'{0x000000070bc83160}: 'int java.lang.invoke.DirectMethodHandle$Holder.invokeStaticInit(java.lang.Object, java.lang.Object, java.lang.Object, long)'> (0x000000070bc83160) 
thrown [d:\a\_work\1\jdk\src\hotspot\share\interpreter\linkResolver.cpp, line 766]
Event: 9.627 Thread 0x0000021d4d6f78f0 Exception <a 'sun/nio/fs/WindowsException'{0x000000070bdaeda0}> (0x000000070bdaeda0) 
thrown [d:\a\_work\1\jdk\src\hotspot\share\prims\jni.cpp, line 516]
Event: 9.627 Thread 0x0000021d4d6f78f0 Exception <a 'sun/nio/fs/WindowsException'{0x000000070bdaf130}> (0x000000070bdaf130) 
thrown [d:\a\_work\1\jdk\src\hotspot\share\prims\jni.cpp, line 516]
Event: 9.639 Thread 0x0000021d4d6f78f0 Exception <a 'java/lang/NoSuchMethodError'{0x000000070badf828}: 'void java.lang.invoke.DirectMethodHandle$Holder.invokeInterface(java.lang.Object, java.lang.Object, int)'> (0x000000070badf828) 
thrown [d:\a\_work\1\jdk\src\hotspot\share\interpreter\linkResolver.cpp, line 766]
Event: 9.640 Thread 0x0000021d4d6f78f0 Exception <a 'java/lang/NoSuchMethodError'{0x000000070baf87f0}: 'void java.lang.invoke.DirectMethodHandle$Holder.invokeStatic(java.lang.Object, java.lang.Object, int)'> (0x000000070baf87f0) 
thrown [d:\a\_work\1\jdk\src\hotspot\share\interpreter\linkResolver.cpp, line 766]
Event: 9.640 Thread 0x0000021d4d6f78f0 Exception <a 'java/lang/NoSuchMethodError'{0x000000070bafbe70}: 'void java.lang.invoke.DirectMethodHandle$Holder.invokeStaticInit(java.lang.Object, java.lang.Object, int)'> (0x000000070bafbe70) 
thrown [d:\a\_work\1\jdk\src\hotspot\share\interpreter\linkResolver.cpp, line 766]
Event: 9.751 Thread 0x0000021d4d6f78f0 Exception <a 'java/lang/NoSuchMethodError'{0x000000071bbb4e98}: 'long java.lang.invoke.DirectMethodHandle$Holder.invokeSpecial(java.lang.Object, java.lang.Object)'> (0x000000071bbb4e98) 
thrown [d:\a\_work\1\jdk\src\hotspot\share\interpreter\linkResolver.cpp, line 766]
Event: 9.901 Thread 0x0000021d4d6f78f0 Exception <a 'sun/nio/fs/WindowsException'{0x000000071adda200}> (0x000000071adda200) 
thrown [d:\a\_work\1\jdk\src\hotspot\share\prims\jni.cpp, line 516]
Event: 10.294 Thread 0x0000021d4d6f78f0 Exception <a 'java/lang/NoSuchMethodError'{0x0000000719b4b380}: 'int java.lang.invoke.DirectMethodHandle$Holder.invokeStatic(java.lang.Object)'> (0x0000000719b4b380) 
thrown [d:\a\_work\1\jdk\src\hotspot\share\interpreter\linkResolver.cpp, line 766]
Event: 10.344 Thread 0x0000021d4d6f78f0 Exception <a 'java/lang/NoSuchMethodError'{0x00000007196c2990}: 'java.lang.Object java.lang.invoke.Invokers$Holder.linkToTargetMethod(java.lang.Object, int, java.lang.Object, java.lang.Object)'> (0x00000007196c2990) 
thrown [d:\a\_work\1\jdk\src\hotspot\share\interpreter\linkResolver.cpp, line 766]
Event: 10.349 Thread 0x0000021d4d6f78f0 Exception <a 'java/lang/NoSuchMethodError'{0x0000000719769538}: 'int java.lang.invoke.DirectMethodHandle$Holder.invokeStaticInit(java.lang.Object)'> (0x0000000719769538) 
thrown [d:\a\_work\1\jdk\src\hotspot\share\interpreter\linkResolver.cpp, line 766]
Event: 10.350 Thread 0x0000021d4d6f78f0 Exception <a 'java/lang/NoSuchMethodError'{0x0000000719770920}: 'int java.lang.invoke.Invokers$Holder.invokeExact_MT(java.lang.Object, java.lang.Object)'> (0x0000000719770920) 
thrown [d:\a\_work\1\jdk\src\hotspot\share\interpreter\linkResolver.cpp, line 766]
Event: 10.353 Thread 0x0000021d4d6f78f0 Exception <a 'sun/nio/fs/WindowsException'{0x0000000719481890}> (0x0000000719481890) 
thrown [d:\a\_work\1\jdk\src\hotspot\share\prims\jni.cpp, line 516]
Event: 10.353 Thread 0x0000021d4d6f78f0 Exception <a 'sun/nio/fs/WindowsException'{0x0000000719481bf0}> (0x0000000719481bf0) 
thrown [d:\a\_work\1\jdk\src\hotspot\share\prims\jni.cpp, line 516]
Event: 10.358 Thread 0x0000021d4d6f78f0 Exception <a 'java/lang/NoSuchMethodError'{0x0000000719505130}: 'java.lang.Object java.lang.invoke.DirectMethodHandle$Holder.invokeInterface(java.lang.Object, java.lang.Object, double)'> (0x0000000719505130) 
thrown [d:\a\_work\1\jdk\src\hotspot\share\interpreter\linkResolver.cpp, line 766]
Event: 10.359 Thread 0x0000021d4d6f78f0 Exception <a 'java/lang/NoSuchMethodError'{0x000000071950b990}: 'double java.lang.invoke.DirectMethodHandle$Holder.invokeInterface(java.lang.Object, java.lang.Object, java.lang.Object)'> (0x000000071950b990) 
thrown [d:\a\_work\1\jdk\src\hotspot\share\interpreter\linkResolver.cpp, line 766]
Event: 10.386 Thread 0x0000021d4d6f78f0 Exception <a 'java/lang/NoSuchMethodError'{0x00000007193a0e28}: 'long java.lang.invoke.DirectMethodHandle$Holder.invokeInterface(java.lang.Object, java.lang.Object)'> (0x00000007193a0e28) 
thrown [d:\a\_work\1\jdk\src\hotspot\share\interpreter\linkResolver.cpp, line 766]
Event: 10.388 Thread 0x0000021d4d6f78f0 Exception <a 'java/lang/NoSuchMethodError'{0x00000007193f4410}: 'java.lang.Object java.lang.invoke.DirectMethodHandle$Holder.newInvokeSpecial(java.lang.Object, long)'> (0x00000007193f4410) 
thrown [d:\a\_work\1\jdk\src\hotspot\share\interpreter\linkResolver.cpp, line 766]
Event: 10.394 Thread 0x0000021d4d6f78f0 Exception <a 'java/lang/NoSuchMethodError'{0x00000007190a04b0}: 'void java.lang.invoke.DirectMethodHandle$Holder.invokeSpecial(java.lang.Object, java.lang.Object, int, long)'> (0x00000007190a04b0) 
thrown [d:\a\_work\1\jdk\src\hotspot\share\interpreter\linkResolver.cpp, line 766]
Event: 10.395 Thread 0x0000021d4d6f78f0 Exception <a 'java/lang/NoSuchMethodError'{0x00000007190a6418}: 'void java.lang.invoke.DirectMethodHandle$Holder.invokeStatic(java.lang.Object, int, long)'> (0x00000007190a6418) 
thrown [d:\a\_work\1\jdk\src\hotspot\share\interpreter\linkResolver.cpp, line 766]

VM Operations (20 events):
Event: 9.903 Executing VM operation: HandshakeAllThreads
Event: 9.903 Executing VM operation: HandshakeAllThreads done
Event: 9.984 Executing VM operation: HandshakeAllThreads
Event: 9.984 Executing VM operation: HandshakeAllThreads done
Event: 10.015 Executing VM operation: HandshakeAllThreads
Event: 10.015 Executing VM operation: HandshakeAllThreads done
Event: 10.040 Executing VM operation: HandshakeAllThreads
Event: 10.040 Executing VM operation: HandshakeAllThreads done
Event: 10.091 Executing VM operation: HandshakeAllThreads
Event: 10.091 Executing VM operation: HandshakeAllThreads done
Event: 10.240 Executing VM operation: HandshakeAllThreads
Event: 10.240 Executing VM operation: HandshakeAllThreads done
Event: 10.240 Executing VM operation: HandshakeAllThreads
Event: 10.240 Executing VM operation: HandshakeAllThreads done
Event: 10.242 Executing VM operation: HandshakeAllThreads
Event: 10.242 Executing VM operation: HandshakeAllThreads done
Event: 10.243 Executing VM operation: HandshakeAllThreads
Event: 10.243 Executing VM operation: HandshakeAllThreads done
Event: 10.252 Executing VM operation: ICBufferFull
Event: 10.252 Executing VM operation: ICBufferFull done

Events (20 events):
Event: 10.241 loading class sun/net/www/http/KeepAliveStreamCleaner$2 done
Event: 10.241 loading class sun/net/www/protocol/http/HttpURLConnection$HttpInputStream
Event: 10.241 loading class sun/net/www/protocol/http/HttpURLConnection$HttpInputStream done
Event: 10.242 loading class java/util/Collections$UnmodifiableSortedMap
Event: 10.242 loading class java/util/Collections$UnmodifiableSortedMap done
Event: 10.242 loading class sun/net/www/http/KeepAliveCache$1
Event: 10.242 loading class sun/net/www/http/KeepAliveCache$1 done
Event: 10.242 Thread 0x0000021d756789d0 Thread added: 0x0000021d756789d0
Event: 10.242 loading class sun/net/www/http/ClientVector
Event: 10.242 loading class sun/net/www/http/ClientVector done
Event: 10.243 loading class sun/net/www/http/KeepAliveEntry
Event: 10.243 loading class sun/net/www/http/KeepAliveEntry done
Event: 10.247 loading class sun/reflect/generics/repository/FieldRepository
Event: 10.247 loading class sun/reflect/generics/repository/FieldRepository done
Event: 10.247 loading class jdk/internal/vm/annotation/ForceInline
Event: 10.247 loading class jdk/internal/vm/annotation/ForceInline done
Event: 10.349 loading class java/lang/invoke/DirectMethodHandle$StaticAccessor
Event: 10.350 loading class java/lang/invoke/DirectMethodHandle$StaticAccessor done
Event: 10.356 loading class java/util/function/DoubleFunction
Event: 10.356 loading class java/util/function/DoubleFunction done


Dynamic libraries:
0x00007ff7669d0000 - 0x00007ff7669de000 	C:\Users\anima\curseforge\minecraft\Install\runtime\java-runtime-gamma\windows-x64\java-runtime-gamma\bin\javaw.exe
0x00007ff9bc2b0000 - 0x00007ff9bc4c4000 	C:\WINDOWS\SYSTEM32\ntdll.dll
0x00007ff9bb610000 - 0x00007ff9bb6d2000 	C:\WINDOWS\System32\KERNEL32.DLL
0x00007ff9b9900000 - 0x00007ff9b9ca3000 	C:\WINDOWS\System32\KERNELBASE.dll
0x00007ff9b97e0000 - 0x00007ff9b98f1000 	C:\WINDOWS\System32\ucrtbase.dll
0x00007ff9b4fd0000 - 0x00007ff9b4feb000 	C:\Users\anima\curseforge\minecraft\Install\runtime\java-runtime-gamma\windows-x64\java-runtime-gamma\bin\VCRUNTIME140.dll
0x00007ff9b4f50000 - 0x00007ff9b4f68000 	C:\Users\anima\curseforge\minecraft\Install\runtime\java-runtime-gamma\windows-x64\java-runtime-gamma\bin\jli.dll
0x00007ff9bbda0000 - 0x00007ff9bbf4b000 	C:\WINDOWS\System32\USER32.dll
0x00007ff9b9dd0000 - 0x00007ff9b9df6000 	C:\WINDOWS\System32\win32u.dll
0x00007ff9a4f50000 - 0x00007ff9a51de000 	C:\WINDOWS\WinSxS\amd64_microsoft.windows.common-controls_6595b64144ccf1df_6.0.22621.1635_none_270f70857386168e\COMCTL32.dll
0x00007ff9bb160000 - 0x00007ff9bb189000 	C:\WINDOWS\System32\GDI32.dll
0x00007ff9bbae0000 - 0x00007ff9bbb87000 	C:\WINDOWS\System32\msvcrt.dll
0x00007ff9b9f70000 - 0x00007ff9ba089000 	C:\WINDOWS\System32\gdi32full.dll
0x00007ff9b9cb0000 - 0x00007ff9b9d4a000 	C:\WINDOWS\System32\msvcp_win.dll
0x00007ff9bbca0000 - 0x00007ff9bbcd1000 	C:\WINDOWS\System32\IMM32.DLL
0x00007ff9b5030000 - 0x00007ff9b503c000 	C:\Users\anima\curseforge\minecraft\Install\runtime\java-runtime-gamma\windows-x64\java-runtime-gamma\bin\vcruntime140_1.dll
0x00007ff9b16f0000 - 0x00007ff9b177d000 	C:\Users\anima\curseforge\minecraft\Install\runtime\java-runtime-gamma\windows-x64\java-runtime-gamma\bin\msvcp140.dll
0x00007ff97ad10000 - 0x00007ff97b96d000 	C:\Users\anima\curseforge\minecraft\Install\runtime\java-runtime-gamma\windows-x64\java-runtime-gamma\bin\server\jvm.dll
0x00007ff9bbbf0000 - 0x00007ff9bbc9e000 	C:\WINDOWS\System32\ADVAPI32.dll
0x00007ff9ba210000 - 0x00007ff9ba2b4000 	C:\WINDOWS\System32\sechost.dll
0x00007ff9bb770000 - 0x00007ff9bb887000 	C:\WINDOWS\System32\RPCRT4.dll
0x00007ff9bc250000 - 0x00007ff9bc258000 	C:\WINDOWS\System32\PSAPI.DLL
0x00007ff9a44e0000 - 0x00007ff9a44e9000 	C:\WINDOWS\SYSTEM32\WSOCK32.dll
0x00007ff9b1ed0000 - 0x00007ff9b1eda000 	C:\WINDOWS\SYSTEM32\VERSION.dll
0x00007ff9b15f0000 - 0x00007ff9b1624000 	C:\WINDOWS\SYSTEM32\WINMM.dll
0x00007ff9ba190000 - 0x00007ff9ba201000 	C:\WINDOWS\System32\WS2_32.dll
0x00007ff9b87d0000 - 0x00007ff9b87e8000 	C:\WINDOWS\SYSTEM32\kernel.appcore.dll
0x00007ff9b5000000 - 0x00007ff9b500a000 	C:\Users\anima\curseforge\minecraft\Install\runtime\java-runtime-gamma\windows-x64\java-runtime-gamma\bin\jimage.dll
0x00007ff9ad9a0000 - 0x00007ff9adbce000 	C:\WINDOWS\SYSTEM32\DBGHELP.DLL
0x00007ff9ba2c0000 - 0x00007ff9ba649000 	C:\WINDOWS\System32\combase.dll
0x00007ff9bbfb0000 - 0x00007ff9bc087000 	C:\WINDOWS\System32\OLEAUT32.dll
0x00007ff9ad960000 - 0x00007ff9ad992000 	C:\WINDOWS\SYSTEM32\dbgcore.DLL
0x00007ff9b9d50000 - 0x00007ff9b9dcb000 	C:\WINDOWS\System32\bcryptPrimitives.dll
0x00007ff9b4c50000 - 0x00007ff9b4c75000 	C:\Users\anima\curseforge\minecraft\Install\runtime\java-runtime-gamma\windows-x64\java-runtime-gamma\bin\java.dll
0x00007ff9b17b0000 - 0x00007ff9b17c8000 	C:\Users\anima\curseforge\minecraft\Install\runtime\java-runtime-gamma\windows-x64\java-runtime-gamma\bin\zip.dll
0x00007ff9a22f0000 - 0x00007ff9a23c7000 	C:\Users\anima\curseforge\minecraft\Install\runtime\java-runtime-gamma\windows-x64\java-runtime-gamma\bin\jsvml.dll
0x00007ff9ba960000 - 0x00007ff9bb15a000 	C:\WINDOWS\System32\SHELL32.dll
0x00007ff9b7670000 - 0x00007ff9b7f3e000 	C:\WINDOWS\SYSTEM32\windows.storage.dll
0x00007ff9b7530000 - 0x00007ff9b766e000 	C:\WINDOWS\SYSTEM32\wintypes.dll
0x00007ff9ba650000 - 0x00007ff9ba741000 	C:\WINDOWS\System32\SHCORE.dll
0x00007ff9bbb90000 - 0x00007ff9bbbee000 	C:\WINDOWS\System32\shlwapi.dll
0x00007ff9b95e0000 - 0x00007ff9b9601000 	C:\WINDOWS\SYSTEM32\profapi.dll
0x00007ff9b16d0000 - 0x00007ff9b16e9000 	C:\Users\anima\curseforge\minecraft\Install\runtime\java-runtime-gamma\windows-x64\java-runtime-gamma\bin\net.dll
0x00007ff9b4270000 - 0x00007ff9b43a7000 	C:\WINDOWS\SYSTEM32\WINHTTP.dll
0x00007ff9b8c60000 - 0x00007ff9b8cc9000 	C:\WINDOWS\system32\mswsock.dll
0x00007ff9a8b90000 - 0x00007ff9a8ba6000 	C:\Users\anima\curseforge\minecraft\Install\runtime\java-runtime-gamma\windows-x64\java-runtime-gamma\bin\nio.dll
0x00007ff9b4f90000 - 0x00007ff9b4fa0000 	C:\Users\anima\curseforge\minecraft\Install\runtime\java-runtime-gamma\windows-x64\java-runtime-gamma\bin\verify.dll
0x00007ff9b17a0000 - 0x00007ff9b17a9000 	C:\Users\anima\curseforge\minecraft\Install\runtime\java-runtime-gamma\windows-x64\java-runtime-gamma\bin\management.dll
0x00007ff9ae080000 - 0x00007ff9ae08b000 	C:\Users\anima\curseforge\minecraft\Install\runtime\java-runtime-gamma\windows-x64\java-runtime-gamma\bin\management_ext.dll
0x00007ff977e00000 - 0x00007ff977e17000 	C:\WINDOWS\system32\napinsp.dll
0x00007ff977de0000 - 0x00007ff977dfb000 	C:\WINDOWS\system32\pnrpnsp.dll
0x00007ff9b8280000 - 0x00007ff9b8373000 	C:\WINDOWS\SYSTEM32\DNSAPI.dll
0x00007ff9b8210000 - 0x00007ff9b823d000 	C:\WINDOWS\SYSTEM32\IPHLPAPI.DLL
0x00007ff9bb6e0000 - 0x00007ff9bb6e9000 	C:\WINDOWS\System32\NSI.dll
0x00007ff974df0000 - 0x00007ff974e01000 	C:\WINDOWS\System32\winrnr.dll
0x00007ff99b510000 - 0x00007ff99b525000 	C:\WINDOWS\system32\wshbth.dll
0x00007ff974dc0000 - 0x00007ff974de1000 	C:\WINDOWS\system32\nlansp_c.dll
0x00007ff9b3880000 - 0x00007ff9b388a000 	C:\Windows\System32\rasadhlp.dll
0x00007ff9b1c90000 - 0x00007ff9b1d14000 	C:\WINDOWS\System32\fwpuclnt.dll
0x00007ff9b8ec0000 - 0x00007ff9b8edb000 	C:\WINDOWS\SYSTEM32\CRYPTSP.dll
0x00007ff9b8730000 - 0x00007ff9b8765000 	C:\WINDOWS\system32\rsaenh.dll
0x00007ff9b8d60000 - 0x00007ff9b8d88000 	C:\WINDOWS\SYSTEM32\USERENV.dll
0x00007ff9b9060000 - 0x00007ff9b9088000 	C:\WINDOWS\SYSTEM32\bcrypt.dll
0x00007ff9b8ee0000 - 0x00007ff9b8eec000 	C:\WINDOWS\SYSTEM32\CRYPTBASE.dll
0x00007ff9b1eb0000 - 0x00007ff9b1ec9000 	C:\WINDOWS\SYSTEM32\dhcpcsvc6.DLL
0x00007ff9b1990000 - 0x00007ff9b19af000 	C:\WINDOWS\SYSTEM32\dhcpcsvc.DLL
0x00007ff9a8b40000 - 0x00007ff9a8b85000 	C:\Users\anima\AppData\Local\Temp\jna-92962928\jna8169199179759515738.dll
0x00007ff9ba7c0000 - 0x00007ff9ba95c000 	C:\WINDOWS\System32\Ole32.dll
0x00007ff9bbcf0000 - 0x00007ff9bbda0000 	C:\WINDOWS\System32\clbcatq.dll
0x00007ff9aa020000 - 0x00007ff9aa03d000 	C:\WINDOWS\SYSTEM32\amsi.dll
0x00007ff9a9fa0000 - 0x00007ff9aa01b000 	C:\ProgramData\Microsoft\Windows Defender\Platform\4.18.23050.5-0\MpOav.dll
0x00007ff9a1fb0000 - 0x00007ff9a2000000 	C:\WINDOWS\SYSTEM32\Pdh.dll
0x00007ff96eca0000 - 0x00007ff96ecb0000 	C:\WINDOWS\System32\perfos.dll
0x00007ff9b6eb0000 - 0x00007ff9b6ec0000 	C:\WINDOWS\SYSTEM32\pfclient.dll
0x00007ff99c340000 - 0x00007ff99c3b5000 	C:\Users\anima\AppData\Local\Temp\lwjglanima\3.3.1-build-7\lwjgl.dll
0x00007ff983d40000 - 0x00007ff983f99000 	C:\Users\anima\AppData\Local\Temp\lwjglanima\3.3.1-build-7\jemalloc.dll
0x00007ff9b5010000 - 0x00007ff9b501d000 	C:\Users\anima\curseforge\minecraft\Install\runtime\java-runtime-gamma\windows-x64\java-runtime-gamma\bin\sunmscapi.dll
0x00007ff9b9e00000 - 0x00007ff9b9f67000 	C:\WINDOWS\System32\CRYPT32.dll
0x00007ff9b9030000 - 0x00007ff9b905e000 	C:\WINDOWS\SYSTEM32\ncrypt.dll
0x00007ff9b8ff0000 - 0x00007ff9b9027000 	C:\WINDOWS\SYSTEM32\NTASN1.dll
0x00007ff99c460000 - 0x00007ff99c4c1000 	C:\Users\anima\AppData\Local\Temp\lwjglanima\3.3.1-build-7\glfw.dll
0x00007ff981f80000 - 0x00007ff981fc6000 	C:\WINDOWS\SYSTEM32\dinput8.dll
0x00007ff998490000 - 0x00007ff9984a1000 	C:\WINDOWS\SYSTEM32\xinput1_4.dll
0x00007ff9b93a0000 - 0x00007ff9b93ee000 	C:\WINDOWS\SYSTEM32\cfgmgr32.dll
0x00007ff9b9370000 - 0x00007ff9b939c000 	C:\WINDOWS\SYSTEM32\DEVOBJ.dll
0x00007ff9ae8d0000 - 0x00007ff9aead1000 	C:\WINDOWS\SYSTEM32\inputhost.dll
0x00007ff9b6770000 - 0x00007ff9b68a3000 	C:\WINDOWS\SYSTEM32\CoreMessaging.dll
0x00007ff9b6e00000 - 0x00007ff9b6e2b000 	C:\WINDOWS\SYSTEM32\dwmapi.dll
0x00007ff9b6b70000 - 0x00007ff9b6c1b000 	C:\WINDOWS\system32\uxtheme.dll
0x00007ff9bb890000 - 0x00007ff9bb9b7000 	C:\WINDOWS\System32\MSCTF.dll
0x00007ff99c240000 - 0x00007ff99c340000 	C:\WINDOWS\SYSTEM32\opengl32.dll
0x00007ff9a22c0000 - 0x00007ff9a22ed000 	C:\WINDOWS\SYSTEM32\GLU32.dll
0x00007ff9b6e70000 - 0x00007ff9b6ea8000 	C:\WINDOWS\SYSTEM32\dxcore.dll
0x00007ff9b4080000 - 0x00007ff9b40c8000 	C:\WINDOWS\SYSTEM32\directxdatabasehelper.dll
0x00007ff9a16d0000 - 0x00007ff9a16fd000 	C:\WINDOWS\System32\DriverStore\FileRepository\u0383631.inf_amd64_8d3aff5a8cf9998e\B382773\atig6pxx.dll
0x00007ff93aba0000 - 0x00007ff93e546000 	C:\WINDOWS\System32\DriverStore\FileRepository\u0383631.inf_amd64_8d3aff5a8cf9998e\B382773\atio6axx.dll
0x00007ff9bb190000 - 0x00007ff9bb604000 	C:\WINDOWS\System32\SETUPAPI.dll
0x00007ff9b9770000 - 0x00007ff9b97db000 	C:\WINDOWS\System32\WINTRUST.dll
0x00007ff9b9350000 - 0x00007ff9b9362000 	C:\WINDOWS\SYSTEM32\MSASN1.dll

dbghelp: loaded successfully - version: 4.0.5 - missing functions: none
symbol engine: initialized successfully - sym options: 0x614 - pdb path: .;C:\Users\anima\curseforge\minecraft\Install\runtime\java-runtime-gamma\windows-x64\java-runtime-gamma\bin;C:\WINDOWS\SYSTEM32;C:\WINDOWS\WinSxS\amd64_microsoft.windows.common-controls_6595b64144ccf1df_6.0.22621.1635_none_270f70857386168e;C:\Users\anima\curseforge\minecraft\Install\runtime\java-runtime-gamma\windows-x64\java-runtime-gamma\bin\server;C:\Users\anima\AppData\Local\Temp\jna-92962928;C:\ProgramData\Microsoft\Windows Defender\Platform\4.18.23050.5-0;C:\Users\anima\AppData\Local\Temp\lwjglanima\3.3.1-build-7;C:\WINDOWS\System32\DriverStore\FileRepository\u0383631.inf_amd64_8d3aff5a8cf9998e\B382773

VM Arguments:
jvm_args: -XX:HeapDumpPath=MojangTricksIntelDriversForPerformance_javaw.exe_minecraft.exe.heapdump -Dos.name=Windows 10 -Dos.version=10.0 -Xss1M -Djava.library.path=. -Dminecraft.launcher.brand=minecraft-launcher -Dminecraft.launcher.version=2.2.12145 -Djava.net.preferIPv6Addresses=system -DignoreList=bootstraplauncher,securejarhandler,asm-commons,asm-util,asm-analysis,asm-tree,asm,JarJarFileSystems,client-extra,fmlcore,javafmllanguage,lowcodelanguage,mclanguage,forge-,forge-43.0.0.jar,forge-43.0.0 -DmergeModules=jna-5.10.0.jar,jna-platform-5.10.0.jar -DlibraryDirectory=C:\Users\anima\curseforge\minecraft\Install\libraries --module-path=C:\Users\anima\curseforge\minecraft\Install\libraries/cpw/mods/bootstraplauncher/1.1.2/bootstraplauncher-1.1.2.jar;C:\Users\anima\curseforge\minecraft\Install\libraries/cpw/mods/securejarhandler/2.1.4/securejarhandler-2.1.4.jar;C:\Users\anima\curseforge\minecraft\Install\libraries/org/ow2/asm/asm-commons/9.3/asm-commons-9.3.jar;C:\Users\anima\curseforge\minecraft\Install\libraries/org/ow2/asm/asm-util/9.3/asm-util-9.3.jar;C:\Users\anima\curseforge\minecraft\Install\libraries/org/ow2/asm/asm-analysis/9.3/asm-analysis-9.3.jar;C:\Users\anima\curseforge\minecraft\Install\libraries/org/ow2/asm/asm-tree/9.3/asm-tree-9.3.jar;C:\Users\anima\curseforge\minecraft\Install\libraries/org/ow2/asm/asm/9.3/asm-9.3.jar;C:\Users\anima\curseforge\minecraft\Install\libraries/net/minecraftforge/JarJarFileSystems/0.3.16/JarJarFileSystems-0.3.16.jar --add-modules=ALL-MODULE-PATH --add-opens=java.base/java.util.jar=cpw.mods.securejarhandler --add-opens=java.base/java.lang.invoke=cpw.mods.securejarhandler --add-exports=java.base/sun.security.util=cpw.mods.securejarhandler --add-exports=jdk.naming.dns/com.sun.jndi.dns=java.naming -Xmx4096m -Xms256m -Dminecraft.applet.TargetDirectory=C:\Users\anima\curseforge\minecraft\Instances\Server -Dfml.ignorePatchDiscrepancies=true -Dfml.ignoreInvalidMinecraftCertificates=true -Duser.language=en -Duser.country=US -Dlog4j.configurationFile=C:\Users\anima\curseforge\minecraft\Install\assets\log_configs\client-1.12.xml 
java_command: cpw.mods.bootstraplauncher.BootstrapLauncher --username Reiyoka --version forge-43.0.0 --gameDir C:\Users\anima\curseforge\minecraft\Instances\Server --assetsDir C:\Users\anima\curseforge\minecraft\Install\assets --assetIndex 1.19 --uuid b899e1b7271342f782d4054968f8406d -BWyvckPdr909yZ0A --clientId MTM0Y2NiNTgtYmM1NC00YjU5LWI4YTItMDQxMDZlNGI3NWE4 --xuid 2535461863577513 --userType msa --versionType release --width 854 --height 480 --launchTarget forgeclient --fml.forgeVersion 43.0.0 --fml.mcVersion 1.19.2 --fml.forgeGroup net.minecraftforge --fml.mcpVersion 20220805.130853
java_class_path (initial): C:\Users\anima\curseforge\minecraft\Install\libraries\cpw\mods\securejarhandler\2.1.4\securejarhandler-2.1.4.jar;C:\Users\anima\curseforge\minecraft\Install\libraries\org\ow2\asm\asm\9.3\asm-9.3.jar;C:\Users\anima\curseforge\minecraft\Install\libraries\org\ow2\asm\asm-commons\9.3\asm-commons-9.3.jar;C:\Users\anima\curseforge\minecraft\Install\libraries\org\ow2\asm\asm-tree\9.3\asm-tree-9.3.jar;C:\Users\anima\curseforge\minecraft\Install\libraries\org\ow2\asm\asm-util\9.3\asm-util-9.3.jar;C:\Users\anima\curseforge\minecraft\Install\libraries\org\ow2\asm\asm-analysis\9.3\asm-analysis-9.3.jar;C:\Users\anima\curseforge\minecraft\Install\libraries\net\minecraftforge\accesstransformers\8.0.4\accesstransformers-8.0.4.jar;C:\Users\anima\curseforge\minecraft\Install\libraries\org\antlr\antlr4-runtime\4.9.1\antlr4-runtime-4.9.1.jar;C:\Users\anima\curseforge\minecraft\Install\libraries\net\minecraftforge\eventbus\6.0.0\eventbus-6.0.0.jar;C:\Users\anima\curseforge\minecraft\Install\libraries\net\minecraftforge\forgespi\6.0.0\forgespi-6.0.0.jar;C:\Users\anima\curseforge\minecraft\Install\libraries\net\minecraftforge\coremods\5.0.1\coremods-5.0.1.jar;C:\Users\anima\curseforge\minecraft\Install\libraries\cpw\mods\modlauncher\10.0.8\modlauncher-10.0.8.jar;C:\Users\anima\curseforge\minecraft\Install\libraries\net\minecraftforge\unsafe\0.2.0\unsafe-0.2.0.jar;C:\Users\anima\curseforge\minecraft\Install\libraries\com\electronwill\night-config\core\3.6.4\core-3.6.4.jar;C:\Users\anima\curseforge\minecraft\Install\libraries\com\electronwill\night-config\toml\3.6.4\toml-3.6.4.jar;C:\Users\anima\curseforge\minecraft\Install\libraries\org\apache\maven\maven-artifact\3.8.5\maven-artifact-3.8.5.jar;C:\Users\anima\curseforge\minecraft\Install\libraries\net\jodah\typetools\0.8.3\typetools-0.8.3.jar;C:\Users\anima\curseforge\minecraft\Install\libraries\net\minecrell\terminalconsoleappender\1.2.0\terminalconsoleappender-1.2.0.jar;C:\Users\anima\curseforge\minecraft\Ins
Launcher Type: SUN_STANDARD

[Global flags]
     intx CICompilerCount                          = 12                                        {product} {ergonomic}
     uint ConcGCThreads                            = 3                                         {product} {ergonomic}
     uint G1ConcRefinementThreads                  = 13                                        {product} {ergonomic}
   size_t G1HeapRegionSize                         = 2097152                                   {product} {ergonomic}
    uintx GCDrainStackTargetSize                   = 64                                        {product} {ergonomic}
    ccstr HeapDumpPath                             = MojangTricksIntelDriversForPerformance_javaw.exe_minecraft.exe.heapdump         {manageable} {command line}
   size_t InitialHeapSize                          = 268435456                                 {product} {command line}
   size_t MarkStackSize                            = 4194304                                   {product} {ergonomic}
   size_t MaxHeapSize                              = 4294967296                                {product} {command line}
   size_t MaxNewSize                               = 2575302656                                {product} {ergonomic}
   size_t MinHeapDeltaBytes                        = 2097152                                   {product} {ergonomic}
   size_t MinHeapSize                              = 268435456                                 {product} {command line}
    uintx NonNMethodCodeHeapSize                   = 7602480                                {pd product} {ergonomic}
    uintx NonProfiledCodeHeapSize                  = 122027880                              {pd product} {ergonomic}
    uintx ProfiledCodeHeapSize                     = 122027880                              {pd product} {ergonomic}
    uintx ReservedCodeCacheSize                    = 251658240                              {pd product} {ergonomic}
     bool SegmentedCodeCache                       = true                                      {product} {ergonomic}
   size_t SoftMaxHeapSize                          = 4294967296                             {manageable} {ergonomic}
     intx ThreadStackSize                          = 1024                                   {pd product} {command line}
     bool UseCompressedClassPointers               = true                           {product lp64_product} {ergonomic}
     bool UseCompressedOops                        = true                           {product lp64_product} {ergonomic}
     bool UseG1GC                                  = true                                      {product} {ergonomic}
     bool UseLargePagesIndividualAllocation        = false                                  {pd product} {ergonomic}

Logging:
Log output configuration:
 #0: stdout all=warning uptime,level,tags
 #1: stderr all=off uptime,level,tags

Environment Variables:
PATH=C:\Program Files\Common Files\Oracle\Java\javapath;C:\Program Files (x86)\Common Files\Oracle\Java\javapath;C:\Windows\system32;C:\Windows;C:\Windows\System32\Wbem;C:\Windows\System32\WindowsPowerShell\v1.0\;C:\Windows\System32\OpenSSH\;C:\Program Files (x86)\NVIDIA Corporation\PhysX\Common;C:\Program Files\NVIDIA Corporation\NVIDIA NvDLISR;C:\WINDOWS\system32;C:\WINDOWS;C:\WINDOWS\System32\Wbem;C:\WINDOWS\System32\WindowsPowerShell\v1.0\;C:\WINDOWS\System32\OpenSSH\;C:\Program Files\dotnet\;C:\Program Files (x86)\ZeroTier\One\;C:\Users\anima\AppData\Local\Microsoft\WindowsApps
USERNAME=anima
OS=Windows_NT
PROCESSOR_IDENTIFIER=AMD64 Family 25 Model 80 Stepping 0, AuthenticAMD



---------------  S Y S T E M  ---------------

OS:
 Windows 11 , 64 bit Build 22621 (10.0.22621.1778)
OS uptime: 0 days 0:41 hours
Hyper-V role detected

CPU: total 16 (initial active 16) (16 cores per cpu, 2 threads per core) family 25 model 80 stepping 0 microcode 0x0, cx8, cmov, fxsr, ht, mmx, 3dnowpref, sse, sse2, sse3, ssse3, sse4a, sse4.1, sse4.2, popcnt, lzcnt, tsc, tscinvbit, avx, avx2, aes, erms, clmul, bmi1, bmi2, adx, sha, fma, vzeroupper, clflush, clflushopt, hv

Memory: 4k page, system-wide physical 15720M (7284M free)
TotalPageFile size 23400M (AvailPageFile size 11979M)
current process WorkingSet (physical memory assigned to process): 679M, peak: 794M
current process commit charge ("private bytes"): 752M, peak: 871M

vm_info: OpenJDK 64-Bit Server VM (17.0.3+7-LTS) for windows-amd64 JRE (17.0.3+7-LTS), built on Apr 20 2022 04:24:16 by "" with MS VC++ 16.10 / 16.11 (VS2019)

END.
